[     155ms] [ERROR] Failed to load resource: the server responded with a status of 401 (Unauthorized) @ http://localhost:8123/api/states/input_text.browser_mod_command:0
[     192ms] RangeError: Maximum call stack size exceeded
    at set hass (http://localhost:8123/local/ipm-calendar-modal.js:1:1)
    at set hass (http://localhost:8123/local/ipm-calendar-modal.js:1:1)
    at set hass (http://localhost:8123/local/ipm-calendar-modal.js:1:1)
    at set hass (http://localhost:8123/local/ipm-calendar-modal.js:1:1)
    at set hass (http://localhost:8123/local/ipm-calendar-modal.js:1:1)
    at set hass (http://localhost:8123/local/ipm-calendar-modal.js:1:1)
    at set hass (http://localhost:8123/local/ipm-calendar-modal.js:1:1)
    at set hass (http://localhost:8123/local/ipm-calendar-modal.js:1:1)
    at set hass (http://localhost:8123/local/ipm-calendar-modal.js:1:1)
    at set hass (http://localhost:8123/local/ipm-calendar-modal.js:1:1)
[     192ms] TypeError: Cannot set properties of undefined (setting 'layout')
    at http://localhost:8123/frontend_latest/3142.5b837d6349e2f25a.js:10:33451
    at n.dt (http://localhost:8123/frontend_latest/43300.d633acc7b247b6f4.js:17:1855)
    at n.update (http://localhost:8123/frontend_latest/43300.d633acc7b247b6f4.js:17:1994)
    at n._$AS (http://localhost:8123/frontend_latest/app.6b3133e6c6d8ae29.js:78:100961)
    at O (http://localhost:8123/frontend_latest/app.6b3133e6c6d8ae29.js:78:104041)
    at z._$AI (http://localhost:8123/frontend_latest/app.6b3133e6c6d8ae29.js:78:104991)
    at R.p (http://localhost:8123/frontend_latest/app.6b3133e6c6d8ae29.js:78:104651)
    at z.$ (http://localhost:8123/frontend_latest/app.6b3133e6c6d8ae29.js:78:105633)
    at z._$AI (http://localhost:8123/frontend_latest/app.6b3133e6c6d8ae29.js:78:105131)
    at F (http://localhost:8123/frontend_latest/app.6b3133e6c6d8ae29.js:78:108206)
[     344ms] TypeError: Cannot set properties of undefined (setting 'layout')
    at http://localhost:8123/frontend_latest/3142.5b837d6349e2f25a.js:10:33451
    at n.dt (http://localhost:8123/frontend_latest/43300.d633acc7b247b6f4.js:17:1855)
    at n.update (http://localhost:8123/frontend_latest/43300.d633acc7b247b6f4.js:17:1994)
    at n._$AS (http://localhost:8123/frontend_latest/app.6b3133e6c6d8ae29.js:78:100961)
    at O (http://localhost:8123/frontend_latest/app.6b3133e6c6d8ae29.js:78:104041)
    at z._$AI (http://localhost:8123/frontend_latest/app.6b3133e6c6d8ae29.js:78:104991)
    at R.p (http://localhost:8123/frontend_latest/app.6b3133e6c6d8ae29.js:78:104651)
    at z.$ (http://localhost:8123/frontend_latest/app.6b3133e6c6d8ae29.js:78:105633)
    at z._$AI (http://localhost:8123/frontend_latest/app.6b3133e6c6d8ae29.js:78:105131)
    at F (http://localhost:8123/frontend_latest/app.6b3133e6c6d8ae29.js:78:108206)
[     378ms] TypeError: Cannot set properties of undefined (setting 'layout')
    at http://localhost:8123/frontend_latest/3142.5b837d6349e2f25a.js:10:33451
    at n.dt (http://localhost:8123/frontend_latest/43300.d633acc7b247b6f4.js:17:1855)
    at n.update (http://localhost:8123/frontend_latest/43300.d633acc7b247b6f4.js:17:1994)
    at n._$AS (http://localhost:8123/frontend_latest/app.6b3133e6c6d8ae29.js:78:100961)
    at O (http://localhost:8123/frontend_latest/app.6b3133e6c6d8ae29.js:78:104041)
    at z._$AI (http://localhost:8123/frontend_latest/app.6b3133e6c6d8ae29.js:78:104991)
    at R.p (http://localhost:8123/frontend_latest/app.6b3133e6c6d8ae29.js:78:104651)
    at z.$ (http://localhost:8123/frontend_latest/app.6b3133e6c6d8ae29.js:78:105633)
    at z._$AI (http://localhost:8123/frontend_latest/app.6b3133e6c6d8ae29.js:78:105131)
    at F (http://localhost:8123/frontend_latest/app.6b3133e6c6d8ae29.js:78:108206)
[     414ms] TypeError: Cannot set properties of undefined (setting 'layout')
    at http://localhost:8123/frontend_latest/3142.5b837d6349e2f25a.js:10:33451
    at n.dt (http://localhost:8123/frontend_latest/43300.d633acc7b247b6f4.js:17:1855)
    at n.update (http://localhost:8123/frontend_latest/43300.d633acc7b247b6f4.js:17:1994)
    at n._$AS (http://localhost:8123/frontend_latest/app.6b3133e6c6d8ae29.js:78:100961)
    at O (http://localhost:8123/frontend_latest/app.6b3133e6c6d8ae29.js:78:104041)
    at z._$AI (http://localhost:8123/frontend_latest/app.6b3133e6c6d8ae29.js:78:104991)
    at R.p (http://localhost:8123/frontend_latest/app.6b3133e6c6d8ae29.js:78:104651)
    at z.$ (http://localhost:8123/frontend_latest/app.6b3133e6c6d8ae29.js:78:105633)
    at z._$AI (http://localhost:8123/frontend_latest/app.6b3133e6c6d8ae29.js:78:105131)
    at F (http://localhost:8123/frontend_latest/app.6b3133e6c6d8ae29.js:78:108206)
[     448ms] TypeError: Cannot set properties of undefined (setting 'layout')
    at http://localhost:8123/frontend_latest/3142.5b837d6349e2f25a.js:10:33451
    at n.dt (http://localhost:8123/frontend_latest/43300.d633acc7b247b6f4.js:17:1855)
    at n.update (http://localhost:8123/frontend_latest/43300.d633acc7b247b6f4.js:17:1994)
    at n._$AS (http://localhost:8123/frontend_latest/app.6b3133e6c6d8ae29.js:78:100961)
    at O (http://localhost:8123/frontend_latest/app.6b3133e6c6d8ae29.js:78:104041)
    at z._$AI (http://localhost:8123/frontend_latest/app.6b3133e6c6d8ae29.js:78:104991)
    at R.p (http://localhost:8123/frontend_latest/app.6b3133e6c6d8ae29.js:78:104651)
    at z.$ (http://localhost:8123/frontend_latest/app.6b3133e6c6d8ae29.js:78:105633)
    at z._$AI (http://localhost:8123/frontend_latest/app.6b3133e6c6d8ae29.js:78:105131)
    at F (http://localhost:8123/frontend_latest/app.6b3133e6c6d8ae29.js:78:108206)
[     487ms] TypeError: Cannot set properties of undefined (setting 'layout')
    at http://localhost:8123/frontend_latest/3142.5b837d6349e2f25a.js:10:33451
    at n.dt (http://localhost:8123/frontend_latest/43300.d633acc7b247b6f4.js:17:1855)
    at n.update (http://localhost:8123/frontend_latest/43300.d633acc7b247b6f4.js:17:1994)
    at n._$AS (http://localhost:8123/frontend_latest/app.6b3133e6c6d8ae29.js:78:100961)
    at O (http://localhost:8123/frontend_latest/app.6b3133e6c6d8ae29.js:78:104041)
    at z._$AI (http://localhost:8123/frontend_latest/app.6b3133e6c6d8ae29.js:78:104991)
    at R.p (http://localhost:8123/frontend_latest/app.6b3133e6c6d8ae29.js:78:104651)
    at z.$ (http://localhost:8123/frontend_latest/app.6b3133e6c6d8ae29.js:78:105633)
    at z._$AI (http://localhost:8123/frontend_latest/app.6b3133e6c6d8ae29.js:78:105131)
    at F (http://localhost:8123/frontend_latest/app.6b3133e6c6d8ae29.js:78:108206)
[     494ms] [ERROR] Failed to load resource: the server responded with a status of 404 (Not Found) @ http://localhost:8123/unknown/node_modules/lit-html/src/directives/repeat.ts:0
[     495ms] [ERROR] Failed to load resource: the server responded with a status of 404 (Not Found) @ http://localhost:8123/unknown/node_modules/lit-html/src/lit-html.ts:0
[     495ms] [ERROR] Failed to load resource: the server responded with a status of 404 (Not Found) @ http://localhost:8123/unknown/node_modules/lit-html/src/directive.ts:0
[    2151ms] [ERROR] Failed to load resource: the server responded with a status of 401 (Unauthorized) @ http://localhost:8123/api/states/input_text.browser_mod_command:0
[    3610ms] TypeError: Cannot set properties of undefined (setting 'layout')
    at http://localhost:8123/frontend_latest/3142.5b837d6349e2f25a.js:10:33451
    at n.dt (http://localhost:8123/frontend_latest/43300.d633acc7b247b6f4.js:17:1855)
    at n.update (http://localhost:8123/frontend_latest/43300.d633acc7b247b6f4.js:17:1994)
    at n._$AS (http://localhost:8123/frontend_latest/app.6b3133e6c6d8ae29.js:78:100961)
    at O (http://localhost:8123/frontend_latest/app.6b3133e6c6d8ae29.js:78:104041)
    at z._$AI (http://localhost:8123/frontend_latest/app.6b3133e6c6d8ae29.js:78:104991)
    at R.p (http://localhost:8123/frontend_latest/app.6b3133e6c6d8ae29.js:78:104651)
    at z.$ (http://localhost:8123/frontend_latest/app.6b3133e6c6d8ae29.js:78:105633)
    at z._$AI (http://localhost:8123/frontend_latest/app.6b3133e6c6d8ae29.js:78:105131)
    at F (http://localhost:8123/frontend_latest/app.6b3133e6c6d8ae29.js:78:108206)
[    3646ms] TypeError: Cannot set properties of undefined (setting 'layout')
    at http://localhost:8123/frontend_latest/3142.5b837d6349e2f25a.js:10:33451
    at n.dt (http://localhost:8123/frontend_latest/43300.d633acc7b247b6f4.js:17:1855)
    at n.update (http://localhost:8123/frontend_latest/43300.d633acc7b247b6f4.js:17:1994)
    at n._$AS (http://localhost:8123/frontend_latest/app.6b3133e6c6d8ae29.js:78:100961)
    at O (http://localhost:8123/frontend_latest/app.6b3133e6c6d8ae29.js:78:104041)
    at z._$AI (http://localhost:8123/frontend_latest/app.6b3133e6c6d8ae29.js:78:104991)
    at R.p (http://localhost:8123/frontend_latest/app.6b3133e6c6d8ae29.js:78:104651)
    at z.$ (http://localhost:8123/frontend_latest/app.6b3133e6c6d8ae29.js:78:105633)
    at z._$AI (http://localhost:8123/frontend_latest/app.6b3133e6c6d8ae29.js:78:105131)
    at F (http://localhost:8123/frontend_latest/app.6b3133e6c6d8ae29.js:78:108206)
[    3690ms] TypeError: Cannot set properties of undefined (setting 'layout')
    at http://localhost:8123/frontend_latest/3142.5b837d6349e2f25a.js:10:33451
    at n.dt (http://localhost:8123/frontend_latest/43300.d633acc7b247b6f4.js:17:1855)
    at n.update (http://localhost:8123/frontend_latest/43300.d633acc7b247b6f4.js:17:1994)
    at n._$AS (http://localhost:8123/frontend_latest/app.6b3133e6c6d8ae29.js:78:100961)
    at O (http://localhost:8123/frontend_latest/app.6b3133e6c6d8ae29.js:78:104041)
    at z._$AI (http://localhost:8123/frontend_latest/app.6b3133e6c6d8ae29.js:78:104991)
    at R.p (http://localhost:8123/frontend_latest/app.6b3133e6c6d8ae29.js:78:104651)
    at z.$ (http://localhost:8123/frontend_latest/app.6b3133e6c6d8ae29.js:78:105633)
    at z._$AI (http://localhost:8123/frontend_latest/app.6b3133e6c6d8ae29.js:78:105131)
    at F (http://localhost:8123/frontend_latest/app.6b3133e6c6d8ae29.js:78:108206)
[    3726ms] TypeError: Cannot set properties of undefined (setting 'layout')
    at http://localhost:8123/frontend_latest/3142.5b837d6349e2f25a.js:10:33451
    at n.dt (http://localhost:8123/frontend_latest/43300.d633acc7b247b6f4.js:17:1855)
    at n.update (http://localhost:8123/frontend_latest/43300.d633acc7b247b6f4.js:17:1994)
    at n._$AS (http://localhost:8123/frontend_latest/app.6b3133e6c6d8ae29.js:78:100961)
    at O (http://localhost:8123/frontend_latest/app.6b3133e6c6d8ae29.js:78:104041)
    at z._$AI (http://localhost:8123/frontend_latest/app.6b3133e6c6d8ae29.js:78:104991)
    at R.p (http://localhost:8123/frontend_latest/app.6b3133e6c6d8ae29.js:78:104651)
    at z.$ (http://localhost:8123/frontend_latest/app.6b3133e6c6d8ae29.js:78:105633)
    at z._$AI (http://localhost:8123/frontend_latest/app.6b3133e6c6d8ae29.js:78:105131)
    at F (http://localhost:8123/frontend_latest/app.6b3133e6c6d8ae29.js:78:108206)
[    3786ms] TypeError: Cannot set properties of undefined (setting 'layout')
    at http://localhost:8123/frontend_latest/3142.5b837d6349e2f25a.js:10:33451
    at n.dt (http://localhost:8123/frontend_latest/43300.d633acc7b247b6f4.js:17:1855)
    at n.update (http://localhost:8123/frontend_latest/43300.d633acc7b247b6f4.js:17:1994)
    at n._$AS (http://localhost:8123/frontend_latest/app.6b3133e6c6d8ae29.js:78:100961)
    at O (http://localhost:8123/frontend_latest/app.6b3133e6c6d8ae29.js:78:104041)
    at z._$AI (http://localhost:8123/frontend_latest/app.6b3133e6c6d8ae29.js:78:104991)
    at R.p (http://localhost:8123/frontend_latest/app.6b3133e6c6d8ae29.js:78:104651)
    at z.$ (http://localhost:8123/frontend_latest/app.6b3133e6c6d8ae29.js:78:105633)
    at z._$AI (http://localhost:8123/frontend_latest/app.6b3133e6c6d8ae29.js:78:105131)
    at F (http://localhost:8123/frontend_latest/app.6b3133e6c6d8ae29.js:78:108206)
[    3821ms] TypeError: Cannot set properties of undefined (setting 'layout')
    at http://localhost:8123/frontend_latest/3142.5b837d6349e2f25a.js:10:33451
    at n.dt (http://localhost:8123/frontend_latest/43300.d633acc7b247b6f4.js:17:1855)
    at n.update (http://localhost:8123/frontend_latest/43300.d633acc7b247b6f4.js:17:1994)
    at n._$AS (http://localhost:8123/frontend_latest/app.6b3133e6c6d8ae29.js:78:100961)
    at O (http://localhost:8123/frontend_latest/app.6b3133e6c6d8ae29.js:78:104041)
    at z._$AI (http://localhost:8123/frontend_latest/app.6b3133e6c6d8ae29.js:78:104991)
    at R.p (http://localhost:8123/frontend_latest/app.6b3133e6c6d8ae29.js:78:104651)
    at z.$ (http://localhost:8123/frontend_latest/app.6b3133e6c6d8ae29.js:78:105633)
    at z._$AI (http://localhost:8123/frontend_latest/app.6b3133e6c6d8ae29.js:78:105131)
    at F (http://localhost:8123/frontend_latest/app.6b3133e6c6d8ae29.js:78:108206)
[    3856ms] TypeError: Cannot set properties of undefined (setting 'layout')
    at http://localhost:8123/frontend_latest/3142.5b837d6349e2f25a.js:10:33451
    at n.dt (http://localhost:8123/frontend_latest/43300.d633acc7b247b6f4.js:17:1855)
    at n.update (http://localhost:8123/frontend_latest/43300.d633acc7b247b6f4.js:17:1994)
    at n._$AS (http://localhost:8123/frontend_latest/app.6b3133e6c6d8ae29.js:78:100961)
    at O (http://localhost:8123/frontend_latest/app.6b3133e6c6d8ae29.js:78:104041)
    at z._$AI (http://localhost:8123/frontend_latest/app.6b3133e6c6d8ae29.js:78:104991)
    at R.p (http://localhost:8123/frontend_latest/app.6b3133e6c6d8ae29.js:78:104651)
    at z.$ (http://localhost:8123/frontend_latest/app.6b3133e6c6d8ae29.js:78:105633)
    at z._$AI (http://localhost:8123/frontend_latest/app.6b3133e6c6d8ae29.js:78:105131)
    at F (http://localhost:8123/frontend_latest/app.6b3133e6c6d8ae29.js:78:108206)
[    3895ms] TypeError: Cannot set properties of undefined (setting 'layout')
    at http://localhost:8123/frontend_latest/3142.5b837d6349e2f25a.js:10:33451
    at n.dt (http://localhost:8123/frontend_latest/43300.d633acc7b247b6f4.js:17:1855)
    at n.update (http://localhost:8123/frontend_latest/43300.d633acc7b247b6f4.js:17:1994)
    at n._$AS (http://localhost:8123/frontend_latest/app.6b3133e6c6d8ae29.js:78:100961)
    at O (http://localhost:8123/frontend_latest/app.6b3133e6c6d8ae29.js:78:104041)
    at z._$AI (http://localhost:8123/frontend_latest/app.6b3133e6c6d8ae29.js:78:104991)
    at R.p (http://localhost:8123/frontend_latest/app.6b3133e6c6d8ae29.js:78:104651)
    at z.$ (http://localhost:8123/frontend_latest/app.6b3133e6c6d8ae29.js:78:105633)
    at z._$AI (http://localhost:8123/frontend_latest/app.6b3133e6c6d8ae29.js:78:105131)
    at F (http://localhost:8123/frontend_latest/app.6b3133e6c6d8ae29.js:78:108206)
[    3934ms] TypeError: Cannot set properties of undefined (setting 'layout')
    at http://localhost:8123/frontend_latest/3142.5b837d6349e2f25a.js:10:33451
    at n.dt (http://localhost:8123/frontend_latest/43300.d633acc7b247b6f4.js:17:1855)
    at n.update (http://localhost:8123/frontend_latest/43300.d633acc7b247b6f4.js:17:1994)
    at n._$AS (http://localhost:8123/frontend_latest/app.6b3133e6c6d8ae29.js:78:100961)
    at O (http://localhost:8123/frontend_latest/app.6b3133e6c6d8ae29.js:78:104041)
    at z._$AI (http://localhost:8123/frontend_latest/app.6b3133e6c6d8ae29.js:78:104991)
    at R.p (http://localhost:8123/frontend_latest/app.6b3133e6c6d8ae29.js:78:104651)
    at z.$ (http://localhost:8123/frontend_latest/app.6b3133e6c6d8ae29.js:78:105633)
    at z._$AI (http://localhost:8123/frontend_latest/app.6b3133e6c6d8ae29.js:78:105131)
    at F (http://localhost:8123/frontend_latest/app.6b3133e6c6d8ae29.js:78:108206)
[    4146ms] [ERROR] Failed to load resource: the server responded with a status of 401 (Unauthorized) @ http://localhost:8123/api/states/input_text.browser_mod_command:0
[    6146ms] [ERROR] Failed to load resource: the server responded with a status of 401 (Unauthorized) @ http://localhost:8123/api/states/input_text.browser_mod_command:0
[    8154ms] [ERROR] Failed to load resource: the server responded with a status of 401 (Unauthorized) @ http://localhost:8123/api/states/input_text.browser_mod_command:0
[   10147ms] [ERROR] Failed to load resource: the server responded with a status of 401 (Unauthorized) @ http://localhost:8123/api/states/input_text.browser_mod_command:0
[   12150ms] [ERROR] Failed to load resource: the server responded with a status of 401 (Unauthorized) @ http://localhost:8123/api/states/input_text.browser_mod_command:0
[   14150ms] [ERROR] Failed to load resource: the server responded with a status of 401 (Unauthorized) @ http://localhost:8123/api/states/input_text.browser_mod_command:0
[   16143ms] [ERROR] Failed to load resource: the server responded with a status of 401 (Unauthorized) @ http://localhost:8123/api/states/input_text.browser_mod_command:0
[   18153ms] [ERROR] Failed to load resource: the server responded with a status of 401 (Unauthorized) @ http://localhost:8123/api/states/input_text.browser_mod_command:0
[   18664ms] TypeError: Cannot set properties of undefined (setting 'layout')
    at http://localhost:8123/frontend_latest/3142.5b837d6349e2f25a.js:10:33451
    at n.dt (http://localhost:8123/frontend_latest/43300.d633acc7b247b6f4.js:17:1855)
    at n.update (http://localhost:8123/frontend_latest/43300.d633acc7b247b6f4.js:17:1994)
    at n._$AS (http://localhost:8123/frontend_latest/app.6b3133e6c6d8ae29.js:78:100961)
    at O (http://localhost:8123/frontend_latest/app.6b3133e6c6d8ae29.js:78:104041)
    at z._$AI (http://localhost:8123/frontend_latest/app.6b3133e6c6d8ae29.js:78:104991)
    at R.p (http://localhost:8123/frontend_latest/app.6b3133e6c6d8ae29.js:78:104651)
    at z.$ (http://localhost:8123/frontend_latest/app.6b3133e6c6d8ae29.js:78:105633)
    at z._$AI (http://localhost:8123/frontend_latest/app.6b3133e6c6d8ae29.js:78:105131)
    at F (http://localhost:8123/frontend_latest/app.6b3133e6c6d8ae29.js:78:108206)
[   18714ms] TypeError: Cannot set properties of undefined (setting 'layout')
    at http://localhost:8123/frontend_latest/3142.5b837d6349e2f25a.js:10:33451
    at n.dt (http://localhost:8123/frontend_latest/43300.d633acc7b247b6f4.js:17:1855)
    at n.update (http://localhost:8123/frontend_latest/43300.d633acc7b247b6f4.js:17:1994)
    at n._$AS (http://localhost:8123/frontend_latest/app.6b3133e6c6d8ae29.js:78:100961)
    at O (http://localhost:8123/frontend_latest/app.6b3133e6c6d8ae29.js:78:104041)
    at z._$AI (http://localhost:8123/frontend_latest/app.6b3133e6c6d8ae29.js:78:104991)
    at R.p (http://localhost:8123/frontend_latest/app.6b3133e6c6d8ae29.js:78:104651)
    at z.$ (http://localhost:8123/frontend_latest/app.6b3133e6c6d8ae29.js:78:105633)
    at z._$AI (http://localhost:8123/frontend_latest/app.6b3133e6c6d8ae29.js:78:105131)
    at F (http://localhost:8123/frontend_latest/app.6b3133e6c6d8ae29.js:78:108206)
[   18757ms] TypeError: Cannot set properties of undefined (setting 'layout')
    at http://localhost:8123/frontend_latest/3142.5b837d6349e2f25a.js:10:33451
    at n.dt (http://localhost:8123/frontend_latest/43300.d633acc7b247b6f4.js:17:1855)
    at n.update (http://localhost:8123/frontend_latest/43300.d633acc7b247b6f4.js:17:1994)
    at n._$AS (http://localhost:8123/frontend_latest/app.6b3133e6c6d8ae29.js:78:100961)
    at O (http://localhost:8123/frontend_latest/app.6b3133e6c6d8ae29.js:78:104041)
    at z._$AI (http://localhost:8123/frontend_latest/app.6b3133e6c6d8ae29.js:78:104991)
    at R.p (http://localhost:8123/frontend_latest/app.6b3133e6c6d8ae29.js:78:104651)
    at z.$ (http://localhost:8123/frontend_latest/app.6b3133e6c6d8ae29.js:78:105633)
    at z._$AI (http://localhost:8123/frontend_latest/app.6b3133e6c6d8ae29.js:78:105131)
    at F (http://localhost:8123/frontend_latest/app.6b3133e6c6d8ae29.js:78:108206)
[   18793ms] TypeError: Cannot set properties of undefined (setting 'layout')
    at http://localhost:8123/frontend_latest/3142.5b837d6349e2f25a.js:10:33451
    at n.dt (http://localhost:8123/frontend_latest/43300.d633acc7b247b6f4.js:17:1855)
    at n.update (http://localhost:8123/frontend_latest/43300.d633acc7b247b6f4.js:17:1994)
    at n._$AS (http://localhost:8123/frontend_latest/app.6b3133e6c6d8ae29.js:78:100961)
    at O (http://localhost:8123/frontend_latest/app.6b3133e6c6d8ae29.js:78:104041)
    at z._$AI (http://localhost:8123/frontend_latest/app.6b3133e6c6d8ae29.js:78:104991)
    at R.p (http://localhost:8123/frontend_latest/app.6b3133e6c6d8ae29.js:78:104651)
    at z.$ (http://localhost:8123/frontend_latest/app.6b3133e6c6d8ae29.js:78:105633)
    at z._$AI (http://localhost:8123/frontend_latest/app.6b3133e6c6d8ae29.js:78:105131)
    at F (http://localhost:8123/frontend_latest/app.6b3133e6c6d8ae29.js:78:108206)
[   18836ms] TypeError: Cannot set properties of undefined (setting 'layout')
    at http://localhost:8123/frontend_latest/3142.5b837d6349e2f25a.js:10:33451
    at n.dt (http://localhost:8123/frontend_latest/43300.d633acc7b247b6f4.js:17:1855)
    at n.update (http://localhost:8123/frontend_latest/43300.d633acc7b247b6f4.js:17:1994)
    at n._$AS (http://localhost:8123/frontend_latest/app.6b3133e6c6d8ae29.js:78:100961)
    at O (http://localhost:8123/frontend_latest/app.6b3133e6c6d8ae29.js:78:104041)
    at z._$AI (http://localhost:8123/frontend_latest/app.6b3133e6c6d8ae29.js:78:104991)
    at R.p (http://localhost:8123/frontend_latest/app.6b3133e6c6d8ae29.js:78:104651)
    at z.$ (http://localhost:8123/frontend_latest/app.6b3133e6c6d8ae29.js:78:105633)
    at z._$AI (http://localhost:8123/frontend_latest/app.6b3133e6c6d8ae29.js:78:105131)
    at F (http://localhost:8123/frontend_latest/app.6b3133e6c6d8ae29.js:78:108206)
[   18883ms] TypeError: Cannot set properties of undefined (setting 'layout')
    at http://localhost:8123/frontend_latest/3142.5b837d6349e2f25a.js:10:33451
    at n.dt (http://localhost:8123/frontend_latest/43300.d633acc7b247b6f4.js:17:1855)
    at n.update (http://localhost:8123/frontend_latest/43300.d633acc7b247b6f4.js:17:1994)
    at n._$AS (http://localhost:8123/frontend_latest/app.6b3133e6c6d8ae29.js:78:100961)
    at O (http://localhost:8123/frontend_latest/app.6b3133e6c6d8ae29.js:78:104041)
    at z._$AI (http://localhost:8123/frontend_latest/app.6b3133e6c6d8ae29.js:78:104991)
    at R.p (http://localhost:8123/frontend_latest/app.6b3133e6c6d8ae29.js:78:104651)
    at z.$ (http://localhost:8123/frontend_latest/app.6b3133e6c6d8ae29.js:78:105633)
    at z._$AI (http://localhost:8123/frontend_latest/app.6b3133e6c6d8ae29.js:78:105131)
    at F (http://localhost:8123/frontend_latest/app.6b3133e6c6d8ae29.js:78:108206)
[   20145ms] [ERROR] Failed to load resource: the server responded with a status of 401 (Unauthorized) @ http://localhost:8123/api/states/input_text.browser_mod_command:0
[   22153ms] [ERROR] Failed to load resource: the server responded with a status of 401 (Unauthorized) @ http://localhost:8123/api/states/input_text.browser_mod_command:0
