[      64ms] [ERROR] Failed to load resource: the server responded with a status of 401 (Unauthorized) @ http://localhost:8123/api/states/input_text.dashboard_background_url:0
[     266ms] [ERROR] Failed to load resource: the server responded with a status of 401 (Unauthorized) @ http://localhost:8123/api/states/input_text.browser_mod_command:0
[    2236ms] [ERROR] Failed to load resource: the server responded with a status of 401 (Unauthorized) @ http://localhost:8123/api/states/input_text.browser_mod_command:0
[    4237ms] [ERROR] Failed to load resource: the server responded with a status of 401 (Unauthorized) @ http://localhost:8123/api/states/input_text.browser_mod_command:0
[    5062ms] [ERROR] Failed to load resource: the server responded with a status of 401 (Unauthorized) @ http://localhost:8123/api/states/input_text.dashboard_background_url:0
[    6237ms] [ERROR] Failed to load resource: the server responded with a status of 401 (Unauthorized) @ http://localhost:8123/api/states/input_text.browser_mod_command:0
[    8235ms] [ERROR] Failed to load resource: the server responded with a status of 401 (Unauthorized) @ http://localhost:8123/api/states/input_text.browser_mod_command:0
[   10064ms] [ERROR] Failed to load resource: the server responded with a status of 401 (Unauthorized) @ http://localhost:8123/api/states/input_text.dashboard_background_url:0
[   10229ms] [ERROR] Failed to load resource: the server responded with a status of 401 (Unauthorized) @ http://localhost:8123/api/states/input_text.browser_mod_command:0
[   12231ms] [ERROR] Failed to load resource: the server responded with a status of 401 (Unauthorized) @ http://localhost:8123/api/states/input_text.browser_mod_command:0
[   14232ms] [ERROR] Failed to load resource: the server responded with a status of 401 (Unauthorized) @ http://localhost:8123/api/states/input_text.browser_mod_command:0
[   15061ms] [ERROR] Failed to load resource: the server responded with a status of 401 (Unauthorized) @ http://localhost:8123/api/states/input_text.dashboard_background_url:0
[   16235ms] [ERROR] Failed to load resource: the server responded with a status of 401 (Unauthorized) @ http://localhost:8123/api/states/input_text.browser_mod_command:0
[   18237ms] [ERROR] Failed to load resource: the server responded with a status of 401 (Unauthorized) @ http://localhost:8123/api/states/input_text.browser_mod_command:0
[   20065ms] [ERROR] Failed to load resource: the server responded with a status of 401 (Unauthorized) @ http://localhost:8123/api/states/input_text.dashboard_background_url:0
[   20235ms] [ERROR] Failed to load resource: the server responded with a status of 401 (Unauthorized) @ http://localhost:8123/api/states/input_text.browser_mod_command:0
[   22238ms] [ERROR] Failed to load resource: the server responded with a status of 401 (Unauthorized) @ http://localhost:8123/api/states/input_text.browser_mod_command:0
[   24237ms] [ERROR] Failed to load resource: the server responded with a status of 401 (Unauthorized) @ http://localhost:8123/api/states/input_text.browser_mod_command:0
[   25065ms] [ERROR] Failed to load resource: the server responded with a status of 401 (Unauthorized) @ http://localhost:8123/api/states/input_text.dashboard_background_url:0
[   26232ms] [ERROR] Failed to load resource: the server responded with a status of 401 (Unauthorized) @ http://localhost:8123/api/states/input_text.browser_mod_command:0
[   28237ms] [ERROR] Failed to load resource: the server responded with a status of 401 (Unauthorized) @ http://localhost:8123/api/states/input_text.browser_mod_command:0
[   30058ms] [ERROR] Failed to load resource: the server responded with a status of 401 (Unauthorized) @ http://localhost:8123/api/states/input_text.dashboard_background_url:0
[   30234ms] [ERROR] Failed to load resource: the server responded with a status of 401 (Unauthorized) @ http://localhost:8123/api/states/input_text.browser_mod_command:0
[   32231ms] [ERROR] Failed to load resource: the server responded with a status of 401 (Unauthorized) @ http://localhost:8123/api/states/input_text.browser_mod_command:0
[   34236ms] [ERROR] Failed to load resource: the server responded with a status of 401 (Unauthorized) @ http://localhost:8123/api/states/input_text.browser_mod_command:0
[   35064ms] [ERROR] Failed to load resource: the server responded with a status of 401 (Unauthorized) @ http://localhost:8123/api/states/input_text.dashboard_background_url:0
[   36236ms] [ERROR] Failed to load resource: the server responded with a status of 401 (Unauthorized) @ http://localhost:8123/api/states/input_text.browser_mod_command:0
[   38237ms] [ERROR] Failed to load resource: the server responded with a status of 401 (Unauthorized) @ http://localhost:8123/api/states/input_text.browser_mod_command:0
[   40067ms] [ERROR] Failed to load resource: the server responded with a status of 401 (Unauthorized) @ http://localhost:8123/api/states/input_text.dashboard_background_url:0
[   40238ms] [ERROR] Failed to load resource: the server responded with a status of 401 (Unauthorized) @ http://localhost:8123/api/states/input_text.browser_mod_command:0
[   42230ms] [ERROR] Failed to load resource: the server responded with a status of 401 (Unauthorized) @ http://localhost:8123/api/states/input_text.browser_mod_command:0
[   43334ms] [ERROR] WebSocket connection to 'ws://localhost:8123/api/websocket' failed: Connection closed before receiving a handshake response @ http://localhost:8123/frontend_latest/core.9c169bb8cc5569b5.js:0
[   44225ms] [ERROR] Failed to load resource: net::ERR_FAILED @ http://localhost:8123/api/states/input_text.browser_mod_command:0
[   44336ms] [ERROR] WebSocket connection to 'ws://localhost:8123/api/websocket' failed: Error in connection establishment: net::ERR_CONNECTION_REFUSED @ http://localhost:8123/frontend_latest/core.9c169bb8cc5569b5.js:0
[   45052ms] [ERROR] Failed to load resource: net::ERR_FAILED @ http://localhost:8123/api/states/input_text.dashboard_background_url:0
[   46225ms] [ERROR] Failed to load resource: net::ERR_FAILED @ http://localhost:8123/api/states/input_text.browser_mod_command:0
[   46339ms] [ERROR] WebSocket connection to 'ws://localhost:8123/api/websocket' failed: Connection closed before receiving a handshake response @ http://localhost:8123/frontend_latest/core.9c169bb8cc5569b5.js:0
[   48231ms] [ERROR] Failed to load resource: the server responded with a status of 401 (Unauthorized) @ http://localhost:8123/api/states/input_text.browser_mod_command:0
[   49387ms] Object
[   50058ms] [ERROR] Failed to load resource: the server responded with a status of 401 (Unauthorized) @ http://localhost:8123/api/states/input_text.dashboard_background_url:0
[   50234ms] [ERROR] Failed to load resource: the server responded with a status of 401 (Unauthorized) @ http://localhost:8123/api/states/input_text.browser_mod_command:0
[   50563ms] [ERROR] Failed to load resource: the server responded with a status of 401 (Unauthorized) @ http://localhost:8123/api/states/input_text.browser_mod_command:0
