[     151ms] [ERROR] Failed to load resource: the server responded with a status of 401 (Unauthorized) @ http://localhost:8123/api/states/input_text.browser_mod_command:0
[     185ms] RangeError: Maximum call stack size exceeded
    at set hass (http://localhost:8123/local/ipm-calendar-modal.js:1:1)
    at set hass (http://localhost:8123/local/ipm-calendar-modal.js:1:1)
    at set hass (http://localhost:8123/local/ipm-calendar-modal.js:1:1)
    at set hass (http://localhost:8123/local/ipm-calendar-modal.js:1:1)
    at set hass (http://localhost:8123/local/ipm-calendar-modal.js:1:1)
    at set hass (http://localhost:8123/local/ipm-calendar-modal.js:1:1)
    at set hass (http://localhost:8123/local/ipm-calendar-modal.js:1:1)
    at set hass (http://localhost:8123/local/ipm-calendar-modal.js:1:1)
    at set hass (http://localhost:8123/local/ipm-calendar-modal.js:1:1)
    at set hass (http://localhost:8123/local/ipm-calendar-modal.js:1:1)
[     186ms] TypeError: Cannot set properties of undefined (setting 'layout')
    at http://localhost:8123/frontend_latest/3142.5b837d6349e2f25a.js:10:33451
    at n.dt (http://localhost:8123/frontend_latest/43300.d633acc7b247b6f4.js:17:1855)
    at n.update (http://localhost:8123/frontend_latest/43300.d633acc7b247b6f4.js:17:1994)
    at n._$AS (http://localhost:8123/frontend_latest/app.6b3133e6c6d8ae29.js:78:100961)
    at O (http://localhost:8123/frontend_latest/app.6b3133e6c6d8ae29.js:78:104041)
    at z._$AI (http://localhost:8123/frontend_latest/app.6b3133e6c6d8ae29.js:78:104991)
    at R.p (http://localhost:8123/frontend_latest/app.6b3133e6c6d8ae29.js:78:104651)
    at z.$ (http://localhost:8123/frontend_latest/app.6b3133e6c6d8ae29.js:78:105633)
    at z._$AI (http://localhost:8123/frontend_latest/app.6b3133e6c6d8ae29.js:78:105131)
    at F (http://localhost:8123/frontend_latest/app.6b3133e6c6d8ae29.js:78:108206)
[     339ms] TypeError: Cannot set properties of undefined (setting 'layout')
    at http://localhost:8123/frontend_latest/3142.5b837d6349e2f25a.js:10:33451
    at n.dt (http://localhost:8123/frontend_latest/43300.d633acc7b247b6f4.js:17:1855)
    at n.update (http://localhost:8123/frontend_latest/43300.d633acc7b247b6f4.js:17:1994)
    at n._$AS (http://localhost:8123/frontend_latest/app.6b3133e6c6d8ae29.js:78:100961)
    at O (http://localhost:8123/frontend_latest/app.6b3133e6c6d8ae29.js:78:104041)
    at z._$AI (http://localhost:8123/frontend_latest/app.6b3133e6c6d8ae29.js:78:104991)
    at R.p (http://localhost:8123/frontend_latest/app.6b3133e6c6d8ae29.js:78:104651)
    at z.$ (http://localhost:8123/frontend_latest/app.6b3133e6c6d8ae29.js:78:105633)
    at z._$AI (http://localhost:8123/frontend_latest/app.6b3133e6c6d8ae29.js:78:105131)
    at F (http://localhost:8123/frontend_latest/app.6b3133e6c6d8ae29.js:78:108206)
[     374ms] TypeError: Cannot set properties of undefined (setting 'layout')
    at http://localhost:8123/frontend_latest/3142.5b837d6349e2f25a.js:10:33451
    at n.dt (http://localhost:8123/frontend_latest/43300.d633acc7b247b6f4.js:17:1855)
    at n.update (http://localhost:8123/frontend_latest/43300.d633acc7b247b6f4.js:17:1994)
    at n._$AS (http://localhost:8123/frontend_latest/app.6b3133e6c6d8ae29.js:78:100961)
    at O (http://localhost:8123/frontend_latest/app.6b3133e6c6d8ae29.js:78:104041)
    at z._$AI (http://localhost:8123/frontend_latest/app.6b3133e6c6d8ae29.js:78:104991)
    at R.p (http://localhost:8123/frontend_latest/app.6b3133e6c6d8ae29.js:78:104651)
    at z.$ (http://localhost:8123/frontend_latest/app.6b3133e6c6d8ae29.js:78:105633)
    at z._$AI (http://localhost:8123/frontend_latest/app.6b3133e6c6d8ae29.js:78:105131)
    at F (http://localhost:8123/frontend_latest/app.6b3133e6c6d8ae29.js:78:108206)
[     410ms] TypeError: Cannot set properties of undefined (setting 'layout')
    at http://localhost:8123/frontend_latest/3142.5b837d6349e2f25a.js:10:33451
    at n.dt (http://localhost:8123/frontend_latest/43300.d633acc7b247b6f4.js:17:1855)
    at n.update (http://localhost:8123/frontend_latest/43300.d633acc7b247b6f4.js:17:1994)
    at n._$AS (http://localhost:8123/frontend_latest/app.6b3133e6c6d8ae29.js:78:100961)
    at O (http://localhost:8123/frontend_latest/app.6b3133e6c6d8ae29.js:78:104041)
    at z._$AI (http://localhost:8123/frontend_latest/app.6b3133e6c6d8ae29.js:78:104991)
    at R.p (http://localhost:8123/frontend_latest/app.6b3133e6c6d8ae29.js:78:104651)
    at z.$ (http://localhost:8123/frontend_latest/app.6b3133e6c6d8ae29.js:78:105633)
    at z._$AI (http://localhost:8123/frontend_latest/app.6b3133e6c6d8ae29.js:78:105131)
    at F (http://localhost:8123/frontend_latest/app.6b3133e6c6d8ae29.js:78:108206)
[     442ms] TypeError: Cannot set properties of undefined (setting 'layout')
    at http://localhost:8123/frontend_latest/3142.5b837d6349e2f25a.js:10:33451
    at n.dt (http://localhost:8123/frontend_latest/43300.d633acc7b247b6f4.js:17:1855)
    at n.update (http://localhost:8123/frontend_latest/43300.d633acc7b247b6f4.js:17:1994)
    at n._$AS (http://localhost:8123/frontend_latest/app.6b3133e6c6d8ae29.js:78:100961)
    at O (http://localhost:8123/frontend_latest/app.6b3133e6c6d8ae29.js:78:104041)
    at z._$AI (http://localhost:8123/frontend_latest/app.6b3133e6c6d8ae29.js:78:104991)
    at R.p (http://localhost:8123/frontend_latest/app.6b3133e6c6d8ae29.js:78:104651)
    at z.$ (http://localhost:8123/frontend_latest/app.6b3133e6c6d8ae29.js:78:105633)
    at z._$AI (http://localhost:8123/frontend_latest/app.6b3133e6c6d8ae29.js:78:105131)
    at F (http://localhost:8123/frontend_latest/app.6b3133e6c6d8ae29.js:78:108206)
[     478ms] TypeError: Cannot set properties of undefined (setting 'layout')
    at http://localhost:8123/frontend_latest/3142.5b837d6349e2f25a.js:10:33451
    at n.dt (http://localhost:8123/frontend_latest/43300.d633acc7b247b6f4.js:17:1855)
    at n.update (http://localhost:8123/frontend_latest/43300.d633acc7b247b6f4.js:17:1994)
    at n._$AS (http://localhost:8123/frontend_latest/app.6b3133e6c6d8ae29.js:78:100961)
    at O (http://localhost:8123/frontend_latest/app.6b3133e6c6d8ae29.js:78:104041)
    at z._$AI (http://localhost:8123/frontend_latest/app.6b3133e6c6d8ae29.js:78:104991)
    at R.p (http://localhost:8123/frontend_latest/app.6b3133e6c6d8ae29.js:78:104651)
    at z.$ (http://localhost:8123/frontend_latest/app.6b3133e6c6d8ae29.js:78:105633)
    at z._$AI (http://localhost:8123/frontend_latest/app.6b3133e6c6d8ae29.js:78:105131)
    at F (http://localhost:8123/frontend_latest/app.6b3133e6c6d8ae29.js:78:108206)
[     483ms] [ERROR] Failed to load resource: the server responded with a status of 404 (Not Found) @ http://localhost:8123/unknown/node_modules/lit-html/src/directive.ts:0
[     483ms] [ERROR] Failed to load resource: the server responded with a status of 404 (Not Found) @ http://localhost:8123/unknown/node_modules/lit-html/src/directives/repeat.ts:0
[     483ms] [ERROR] Failed to load resource: the server responded with a status of 404 (Not Found) @ http://localhost:8123/unknown/node_modules/lit-html/src/lit-html.ts:0
[    2152ms] [ERROR] Failed to load resource: the server responded with a status of 401 (Unauthorized) @ http://localhost:8123/api/states/input_text.browser_mod_command:0
[    4156ms] [ERROR] Failed to load resource: the server responded with a status of 401 (Unauthorized) @ http://localhost:8123/api/states/input_text.browser_mod_command:0
[    6155ms] [ERROR] Failed to load resource: the server responded with a status of 401 (Unauthorized) @ http://localhost:8123/api/states/input_text.browser_mod_command:0
[    8156ms] [ERROR] Failed to load resource: the server responded with a status of 401 (Unauthorized) @ http://localhost:8123/api/states/input_text.browser_mod_command:0
[    9950ms] TypeError: Cannot set properties of undefined (setting 'layout')
    at http://localhost:8123/frontend_latest/3142.5b837d6349e2f25a.js:10:33451
    at n.dt (http://localhost:8123/frontend_latest/43300.d633acc7b247b6f4.js:17:1855)
    at n.update (http://localhost:8123/frontend_latest/43300.d633acc7b247b6f4.js:17:1994)
    at n._$AS (http://localhost:8123/frontend_latest/app.6b3133e6c6d8ae29.js:78:100961)
    at O (http://localhost:8123/frontend_latest/app.6b3133e6c6d8ae29.js:78:104041)
    at z._$AI (http://localhost:8123/frontend_latest/app.6b3133e6c6d8ae29.js:78:104991)
    at R.p (http://localhost:8123/frontend_latest/app.6b3133e6c6d8ae29.js:78:104651)
    at z.$ (http://localhost:8123/frontend_latest/app.6b3133e6c6d8ae29.js:78:105633)
    at z._$AI (http://localhost:8123/frontend_latest/app.6b3133e6c6d8ae29.js:78:105131)
    at F (http://localhost:8123/frontend_latest/app.6b3133e6c6d8ae29.js:78:108206)
[   10005ms] TypeError: Cannot set properties of undefined (setting 'layout')
    at http://localhost:8123/frontend_latest/3142.5b837d6349e2f25a.js:10:33451
    at n.dt (http://localhost:8123/frontend_latest/43300.d633acc7b247b6f4.js:17:1855)
    at n.update (http://localhost:8123/frontend_latest/43300.d633acc7b247b6f4.js:17:1994)
    at n._$AS (http://localhost:8123/frontend_latest/app.6b3133e6c6d8ae29.js:78:100961)
    at O (http://localhost:8123/frontend_latest/app.6b3133e6c6d8ae29.js:78:104041)
    at z._$AI (http://localhost:8123/frontend_latest/app.6b3133e6c6d8ae29.js:78:104991)
    at R.p (http://localhost:8123/frontend_latest/app.6b3133e6c6d8ae29.js:78:104651)
    at z.$ (http://localhost:8123/frontend_latest/app.6b3133e6c6d8ae29.js:78:105633)
    at z._$AI (http://localhost:8123/frontend_latest/app.6b3133e6c6d8ae29.js:78:105131)
    at F (http://localhost:8123/frontend_latest/app.6b3133e6c6d8ae29.js:78:108206)
[   10075ms] TypeError: Cannot set properties of undefined (setting 'layout')
    at http://localhost:8123/frontend_latest/3142.5b837d6349e2f25a.js:10:33451
    at n.dt (http://localhost:8123/frontend_latest/43300.d633acc7b247b6f4.js:17:1855)
    at n.update (http://localhost:8123/frontend_latest/43300.d633acc7b247b6f4.js:17:1994)
    at n._$AS (http://localhost:8123/frontend_latest/app.6b3133e6c6d8ae29.js:78:100961)
    at O (http://localhost:8123/frontend_latest/app.6b3133e6c6d8ae29.js:78:104041)
    at z._$AI (http://localhost:8123/frontend_latest/app.6b3133e6c6d8ae29.js:78:104991)
    at R.p (http://localhost:8123/frontend_latest/app.6b3133e6c6d8ae29.js:78:104651)
    at z.$ (http://localhost:8123/frontend_latest/app.6b3133e6c6d8ae29.js:78:105633)
    at z._$AI (http://localhost:8123/frontend_latest/app.6b3133e6c6d8ae29.js:78:105131)
    at F (http://localhost:8123/frontend_latest/app.6b3133e6c6d8ae29.js:78:108206)
[   10116ms] TypeError: Cannot set properties of undefined (setting 'layout')
    at http://localhost:8123/frontend_latest/3142.5b837d6349e2f25a.js:10:33451
    at n.dt (http://localhost:8123/frontend_latest/43300.d633acc7b247b6f4.js:17:1855)
    at n.update (http://localhost:8123/frontend_latest/43300.d633acc7b247b6f4.js:17:1994)
    at n._$AS (http://localhost:8123/frontend_latest/app.6b3133e6c6d8ae29.js:78:100961)
    at O (http://localhost:8123/frontend_latest/app.6b3133e6c6d8ae29.js:78:104041)
    at z._$AI (http://localhost:8123/frontend_latest/app.6b3133e6c6d8ae29.js:78:104991)
    at R.p (http://localhost:8123/frontend_latest/app.6b3133e6c6d8ae29.js:78:104651)
    at z.$ (http://localhost:8123/frontend_latest/app.6b3133e6c6d8ae29.js:78:105633)
    at z._$AI (http://localhost:8123/frontend_latest/app.6b3133e6c6d8ae29.js:78:105131)
    at F (http://localhost:8123/frontend_latest/app.6b3133e6c6d8ae29.js:78:108206)
[   10155ms] TypeError: Cannot set properties of undefined (setting 'layout')
    at http://localhost:8123/frontend_latest/3142.5b837d6349e2f25a.js:10:33451
    at n.dt (http://localhost:8123/frontend_latest/43300.d633acc7b247b6f4.js:17:1855)
    at n.update (http://localhost:8123/frontend_latest/43300.d633acc7b247b6f4.js:17:1994)
    at n._$AS (http://localhost:8123/frontend_latest/app.6b3133e6c6d8ae29.js:78:100961)
    at O (http://localhost:8123/frontend_latest/app.6b3133e6c6d8ae29.js:78:104041)
    at z._$AI (http://localhost:8123/frontend_latest/app.6b3133e6c6d8ae29.js:78:104991)
    at R.p (http://localhost:8123/frontend_latest/app.6b3133e6c6d8ae29.js:78:104651)
    at z.$ (http://localhost:8123/frontend_latest/app.6b3133e6c6d8ae29.js:78:105633)
    at z._$AI (http://localhost:8123/frontend_latest/app.6b3133e6c6d8ae29.js:78:105131)
    at F (http://localhost:8123/frontend_latest/app.6b3133e6c6d8ae29.js:78:108206)
[   10194ms] TypeError: Cannot set properties of undefined (setting 'layout')
    at http://localhost:8123/frontend_latest/3142.5b837d6349e2f25a.js:10:33451
    at n.dt (http://localhost:8123/frontend_latest/43300.d633acc7b247b6f4.js:17:1855)
    at n.update (http://localhost:8123/frontend_latest/43300.d633acc7b247b6f4.js:17:1994)
    at n._$AS (http://localhost:8123/frontend_latest/app.6b3133e6c6d8ae29.js:78:100961)
    at O (http://localhost:8123/frontend_latest/app.6b3133e6c6d8ae29.js:78:104041)
    at z._$AI (http://localhost:8123/frontend_latest/app.6b3133e6c6d8ae29.js:78:104991)
    at R.p (http://localhost:8123/frontend_latest/app.6b3133e6c6d8ae29.js:78:104651)
    at z.$ (http://localhost:8123/frontend_latest/app.6b3133e6c6d8ae29.js:78:105633)
    at z._$AI (http://localhost:8123/frontend_latest/app.6b3133e6c6d8ae29.js:78:105131)
    at F (http://localhost:8123/frontend_latest/app.6b3133e6c6d8ae29.js:78:108206)
[   10218ms] [ERROR] Failed to load resource: the server responded with a status of 401 (Unauthorized) @ http://localhost:8123/api/states/input_text.browser_mod_command:0
[   12152ms] [ERROR] Failed to load resource: the server responded with a status of 401 (Unauthorized) @ http://localhost:8123/api/states/input_text.browser_mod_command:0
[   14156ms] [ERROR] Failed to load resource: the server responded with a status of 401 (Unauthorized) @ http://localhost:8123/api/states/input_text.browser_mod_command:0
