[     910ms] [WARNING] No primary times available; falling back to static layer for conus_bref_qcd @ https://radar.weather.gov/cmi-radar/cmi-radar.7811a0f1.js:33
[     912ms] [WARNING] No primary times available; falling back to static layer for alaska_bref_qcd @ https://radar.weather.gov/cmi-radar/cmi-radar.7811a0f1.js:33
[     912ms] [WARNING] No primary times available; falling back to static layer for hawaii_bref_qcd @ https://radar.weather.gov/cmi-radar/cmi-radar.7811a0f1.js:33
[     912ms] [WARNING] No primary times available; falling back to static layer for guam_bref_qcd @ https://radar.weather.gov/cmi-radar/cmi-radar.7811a0f1.js:33
[     913ms] [WARNING] No primary times available; falling back to static layer for carib_bref_qcd @ https://radar.weather.gov/cmi-radar/cmi-radar.7811a0f1.js:33
[    1549ms] [WARNING] No time extent available; falling back to static layer for hawaii_bref_qcd @ https://radar.weather.gov/cmi-radar/cmi-radar.7811a0f1.js:33
[  300929ms] [WARNING] No primary times available; falling back to static layer for conus_bref_qcd @ https://radar.weather.gov/cmi-radar/cmi-radar.7811a0f1.js:33
[  300932ms] [WARNING] No primary times available; falling back to static layer for alaska_bref_qcd @ https://radar.weather.gov/cmi-radar/cmi-radar.7811a0f1.js:33
[  300934ms] [WARNING] No primary times available; falling back to static layer for hawaii_bref_qcd @ https://radar.weather.gov/cmi-radar/cmi-radar.7811a0f1.js:33
[  300936ms] [WARNING] No primary times available; falling back to static layer for guam_bref_qcd @ https://radar.weather.gov/cmi-radar/cmi-radar.7811a0f1.js:33
[  300938ms] [WARNING] No primary times available; falling back to static layer for carib_bref_qcd @ https://radar.weather.gov/cmi-radar/cmi-radar.7811a0f1.js:33
[  600922ms] [WARNING] No primary times available; falling back to static layer for conus_bref_qcd @ https://radar.weather.gov/cmi-radar/cmi-radar.7811a0f1.js:33
[  600924ms] [WARNING] No primary times available; falling back to static layer for alaska_bref_qcd @ https://radar.weather.gov/cmi-radar/cmi-radar.7811a0f1.js:33
[  600925ms] [WARNING] No primary times available; falling back to static layer for hawaii_bref_qcd @ https://radar.weather.gov/cmi-radar/cmi-radar.7811a0f1.js:33
[  600926ms] [WARNING] No primary times available; falling back to static layer for guam_bref_qcd @ https://radar.weather.gov/cmi-radar/cmi-radar.7811a0f1.js:33
[  600928ms] [WARNING] No primary times available; falling back to static layer for carib_bref_qcd @ https://radar.weather.gov/cmi-radar/cmi-radar.7811a0f1.js:33
[  900914ms] [WARNING] No primary times available; falling back to static layer for conus_bref_qcd @ https://radar.weather.gov/cmi-radar/cmi-radar.7811a0f1.js:33
[  900915ms] [WARNING] No primary times available; falling back to static layer for alaska_bref_qcd @ https://radar.weather.gov/cmi-radar/cmi-radar.7811a0f1.js:33
[  900916ms] [WARNING] No primary times available; falling back to static layer for hawaii_bref_qcd @ https://radar.weather.gov/cmi-radar/cmi-radar.7811a0f1.js:33
[  900917ms] [WARNING] No primary times available; falling back to static layer for guam_bref_qcd @ https://radar.weather.gov/cmi-radar/cmi-radar.7811a0f1.js:33
[  900918ms] [WARNING] No primary times available; falling back to static layer for carib_bref_qcd @ https://radar.weather.gov/cmi-radar/cmi-radar.7811a0f1.js:33
[ 1200916ms] [WARNING] No primary times available; falling back to static layer for conus_bref_qcd @ https://radar.weather.gov/cmi-radar/cmi-radar.7811a0f1.js:33
[ 1200918ms] [WARNING] No primary times available; falling back to static layer for alaska_bref_qcd @ https://radar.weather.gov/cmi-radar/cmi-radar.7811a0f1.js:33
[ 1200919ms] [WARNING] No primary times available; falling back to static layer for hawaii_bref_qcd @ https://radar.weather.gov/cmi-radar/cmi-radar.7811a0f1.js:33
[ 1200920ms] [WARNING] No primary times available; falling back to static layer for guam_bref_qcd @ https://radar.weather.gov/cmi-radar/cmi-radar.7811a0f1.js:33
[ 1200920ms] [WARNING] No primary times available; falling back to static layer for carib_bref_qcd @ https://radar.weather.gov/cmi-radar/cmi-radar.7811a0f1.js:33
