[   63731ms] [ERROR] Failed to load resource: net::ERR_FAILED @ http://localhost:8123/api/history/period/2026-02-21T00:52:51.117Z?filter_entity_id=sensor.audit_completeness_pct&end_time=2026-02-21T00:52:56.108Z&skip_initial_state&minimal_response&no_attributes:0
[   63731ms] [WARNING] mini-graph-card:  {error: Request error, status_code: undefined, body: undefined} @ http://localhost:8123/local/community/mini-graph-card-bundle.js:0
[   63733ms] [ERROR] Failed to load resource: net::ERR_FAILED @ http://localhost:8123/api/history/period/2026-02-21T00:52:51.115Z?filter_entity_id=sensor.qa_release_readiness&end_time=2026-02-21T00:52:56.108Z&skip_initial_state&minimal_response&no_attributes:0
[   63733ms] [WARNING] mini-graph-card:  {error: Request error, status_code: undefined, body: undefined} @ http://localhost:8123/local/community/mini-graph-card-bundle.js:0
[   63734ms] [ERROR] Failed to load resource: net::ERR_FAILED @ http://localhost:8123/api/history/period/2026-02-21T00:52:51.118Z?filter_entity_id=sensor.metrc_sync_health&end_time=2026-02-21T00:52:56.108Z&skip_initial_state&minimal_response&no_attributes:0
[   63734ms] [WARNING] mini-graph-card:  {error: Request error, status_code: undefined, body: undefined} @ http://localhost:8123/local/community/mini-graph-card-bundle.js:0
[   63735ms] [ERROR] Failed to load resource: net::ERR_FAILED @ http://localhost:8123/api/history/period/2026-02-21T00:52:51.128Z?filter_entity_id=sensor.cannabis_dispatch_health_idx&end_time=2026-02-21T00:52:56.108Z&skip_initial_state&minimal_response&no_attributes:0
[   63735ms] [WARNING] mini-graph-card:  {error: Request error, status_code: undefined, body: undefined} @ http://localhost:8123/local/community/mini-graph-card-bundle.js:0
[   63756ms] [ERROR] WebSocket connection to 'ws://localhost:8123/api/websocket' failed: Error during WebSocket handshake: net::ERR_CONNECTION_RESET @ http://localhost:8123/frontend_latest/core.9c169bb8cc5569b5.js:0
[   64224ms] [ERROR] Failed to load resource: net::ERR_FAILED @ http://localhost:8123/api/history/period/2026-02-21T00:52:45.102Z?filter_entity_id=sensor.cannabis_schedule_risk_idx&end_time=2026-02-21T00:52:56.606Z&skip_initial_state&significant_changes_only=0:0
[   64224ms] [WARNING] apexcharts-card:  {error: Request error, status_code: undefined, body: undefined} @ http://localhost:8123/local/community/apexcharts-card/apexcharts-card.js:0
[   64224ms] [ERROR] Failed to load resource: net::ERR_FAILED @ http://localhost:8123/api/history/period/2026-02-21T00:52:45.102Z?filter_entity_id=sensor.cannabis_dispatch_health_idx&end_time=2026-02-21T00:52:56.606Z&skip_initial_state&significant_changes_only=0:0
[   64224ms] [ERROR] Failed to load resource: net::ERR_FAILED @ http://localhost:8123/api/history/period/2026-02-21T00:52:45.102Z?filter_entity_id=sensor.cannabis_security_workload_idx&end_time=2026-02-21T00:52:56.606Z&skip_initial_state&significant_changes_only=0:0
[   64224ms] [ERROR] Failed to load resource: net::ERR_FAILED @ http://localhost:8123/api/history/period/2026-02-21T00:52:45.077Z?filter_entity_id=sensor.custody_break_risk&end_time=2026-02-21T00:52:56.606Z&skip_initial_state&significant_changes_only=0:0
[   64225ms] [ERROR] Failed to load resource: net::ERR_FAILED @ http://localhost:8123/api/history/period/2026-02-21T00:52:45.101Z?filter_entity_id=sensor.cannabis_packaging_throughput_units_hr&end_time=2026-02-21T00:52:56.606Z&skip_initial_state&significant_changes_only=0:0
[   64225ms] [WARNING] apexcharts-card:  {error: Request error, status_code: undefined, body: undefined} @ http://localhost:8123/local/community/apexcharts-card/apexcharts-card.js:0
[   64225ms] [ERROR] Failed to load resource: net::ERR_FAILED @ http://localhost:8123/api/history/period/2026-02-21T00:52:45.101Z?filter_entity_id=sensor.cannabis_extraction_queue_count&end_time=2026-02-21T00:52:56.606Z&skip_initial_state&significant_changes_only=0:0
[   64225ms] [ERROR] Failed to load resource: net::ERR_FAILED @ http://localhost:8123/api/history/period/2026-02-21T00:52:45.101Z?filter_entity_id=sensor.cannabis_line_uptime_pct&end_time=2026-02-21T00:52:56.606Z&skip_initial_state&significant_changes_only=0:0
[   64758ms] [ERROR] WebSocket connection to 'ws://localhost:8123/api/websocket' failed: Error during WebSocket handshake: net::ERR_CONNECTION_RESET @ http://localhost:8123/frontend_latest/core.9c169bb8cc5569b5.js:0
[-1899234ms] [ERROR] Permissions policy violation: Geolocation access has been blocked because of a permissions policy applied to the current document. See https://crbug.com/414348233 for more details. @ https://embed.windy.com/v/41.1.0.emb.4d73/embed2.js:0
[-1896700ms] [WARNING] The AudioContext was not allowed to start. It must be resumed (or created) after a user gesture on the page. https://developer.chrome.com/blog/autoplay/#web_audio @ https://embed.windy.com/v/41.1.0.emb.4d73/plugins/lightnings.js:0
[ -845860ms] [ERROR] Permissions policy violation: Geolocation access has been blocked because of a permissions policy applied to the current document. See https://crbug.com/414348233 for more details. @ https://embed.windy.com/v/41.1.0.emb.4d73/embed2.js:0
[ -841834ms] [ERROR] Permissions policy violation: Geolocation access has been blocked because of a permissions policy applied to the current document. See https://crbug.com/414348233 for more details. @ https://embed.windy.com/v/41.1.0.emb.4d73/embed2.js:0
[ -829095ms] [ERROR] Permissions policy violation: Geolocation access has been blocked because of a permissions policy applied to the current document. See https://crbug.com/414348233 for more details. @ https://embed.windy.com/v/41.1.0.emb.4d73/embed2.js:0
[ -761096ms] [ERROR] Permissions policy violation: Geolocation access has been blocked because of a permissions policy applied to the current document. See https://crbug.com/414348233 for more details. @ https://embed.windy.com/v/41.1.0.emb.4d73/embed2.js:0
[ -673512ms] [ERROR] Permissions policy violation: Geolocation access has been blocked because of a permissions policy applied to the current document. See https://crbug.com/414348233 for more details. @ https://embed.windy.com/v/41.1.0.emb.4d73/embed2.js:0
[  140977ms] [ERROR] Permissions policy violation: Geolocation access has been blocked because of a permissions policy applied to the current document. See https://crbug.com/414348233 for more details. @ https://embed.windy.com/v/41.1.0.emb.4d73/embed2.js:0
[  142616ms] [WARNING] The AudioContext was not allowed to start. It must be resumed (or created) after a user gesture on the page. https://developer.chrome.com/blog/autoplay/#web_audio @ https://embed.windy.com/v/41.1.0.emb.4d73/plugins/lightnings.js:0
[  171703ms] [ERROR] http EventSource error event for url=/blitz/sse?version=2, options={} Event @ https://embed.windy.com/v/41.1.0.emb.4d73/embed2.js:0
[  171703ms] [ERROR] http EventSource error event for url=/blitz/sse?version=2, options={} Event @ https://embed.windy.com/v/41.1.0.emb.4d73/embed2.js:0
[  379040ms] [ERROR] WebSocket connection to 'ws://localhost:8123/api/websocket' failed: Error during WebSocket handshake: net::ERR_CONNECTION_RESET @ http://localhost:8123/frontend_latest/core.9c169bb8cc5569b5.js:0
[  379321ms] [ERROR] Failed to load resource: net::ERR_FAILED @ http://localhost:8123/api/history/period/2026-02-21T00:57:55.202Z?filter_entity_id=sensor.cannabis_air_temp_f&end_time=2026-02-21T00:58:11.702Z&skip_initial_state&significant_changes_only=0:0
[  379321ms] [WARNING] apexcharts-card:  {error: Request error, status_code: undefined, body: undefined} @ http://localhost:8123/local/community/apexcharts-card/apexcharts-card.js:0
[  379322ms] [ERROR] Failed to load resource: net::ERR_FAILED @ http://localhost:8123/api/history/period/2026-02-21T00:58:00.190Z?filter_entity_id=sensor.cannabis_leaf_temp_f&end_time=2026-02-21T00:58:11.702Z&skip_initial_state&significant_changes_only=0:0
[  379322ms] [ERROR] Failed to load resource: net::ERR_FAILED @ http://localhost:8123/api/history/period/2026-02-21T00:58:00.208Z?filter_entity_id=sensor.cannabis_rh_pct&end_time=2026-02-21T00:58:11.702Z&skip_initial_state&significant_changes_only=0:0
[  379322ms] [ERROR] Failed to load resource: net::ERR_FAILED @ http://localhost:8123/api/history/period/2026-02-21T00:58:00.208Z?filter_entity_id=sensor.cannabis_env_vpd_kpa&end_time=2026-02-21T00:58:11.702Z&skip_initial_state&significant_changes_only=0:0
[  379322ms] [ERROR] Failed to load resource: net::ERR_FAILED @ http://localhost:8123/api/history/period/2026-02-21T00:57:45.184Z?filter_entity_id=sensor.cannabis_co2_ppm&end_time=2026-02-21T00:58:11.702Z&skip_initial_state&significant_changes_only=0:0
[  379322ms] [ERROR] Failed to load resource: net::ERR_FAILED @ http://localhost:8123/api/history/period/2026-02-21T00:58:00.208Z?filter_entity_id=sensor.cannabis_ppfd&end_time=2026-02-21T00:58:11.702Z&skip_initial_state&significant_changes_only=0:0
[  379322ms] [WARNING] apexcharts-card:  {error: Request error, status_code: undefined, body: undefined} @ http://localhost:8123/local/community/apexcharts-card/apexcharts-card.js:0
[  379323ms] [ERROR] Failed to load resource: net::ERR_FAILED @ http://localhost:8123/api/history/period/2026-02-21T00:58:00.208Z?filter_entity_id=sensor.cannabis_dli&end_time=2026-02-21T00:58:11.702Z&skip_initial_state&significant_changes_only=0:0
[  379323ms] [ERROR] Failed to load resource: net::ERR_FAILED @ http://localhost:8123/api/history/period/2026-02-21T00:58:00.208Z?filter_entity_id=sensor.cannabis_hvac_load_pct&end_time=2026-02-21T00:58:11.702Z&skip_initial_state&significant_changes_only=0:0
[  379323ms] [ERROR] Failed to load resource: net::ERR_FAILED @ http://localhost:8123/api/history/period/2026-02-21T00:57:40.173Z?filter_entity_id=sensor.cannabis_dehu_load_pct&end_time=2026-02-21T00:58:11.702Z&skip_initial_state&significant_changes_only=0:0
[  380042ms] [ERROR] WebSocket connection to 'ws://localhost:8123/api/websocket' failed: Error during WebSocket handshake: net::ERR_CONNECTION_RESET @ http://localhost:8123/frontend_latest/core.9c169bb8cc5569b5.js:0
[  382104ms] Object
