[   93548ms] [ERROR] Permissions policy violation: Geolocation access has been blocked because of a permissions policy applied to the current document. See https://crbug.com/414348233 for more details. @ https://embed.windy.com/v/41.1.0.emb.4d73/embed2.js:0
[  104480ms] [ERROR] http EventSource error event for url=/blitz/sse?version=2, options={} Event @ https://embed.windy.com/v/41.1.0.emb.4d73/embed2.js:0
[  104480ms] [ERROR] http EventSource error event for url=/blitz/sse?version=2, options={} Event @ https://embed.windy.com/v/41.1.0.emb.4d73/embed2.js:0
[  305019ms] [ERROR] WebSocket connection to 'ws://localhost:8123/api/websocket' failed: Error during WebSocket handshake: net::ERR_CONNECTION_RESET @ http://localhost:8123/frontend_latest/core.9c169bb8cc5569b5.js:0
[  306023ms] [ERROR] WebSocket connection to 'ws://localhost:8123/api/websocket' failed: Error during WebSocket handshake: net::ERR_CONNECTION_RESET @ http://localhost:8123/frontend_latest/core.9c169bb8cc5569b5.js:0
[  308027ms] [ERROR] WebSocket connection to 'ws://localhost:8123/api/websocket' failed: Error during WebSocket handshake: net::ERR_CONNECTION_RESET @ http://localhost:8123/frontend_latest/core.9c169bb8cc5569b5.js:0
[  311508ms] Object
[  311508ms] Object
[  311508ms] Object
[  311508ms] SecurityError: Failed to execute 'replaceState' on 'History': A history state object with URL 'http://nexus/' cannot be created in a document with origin 'http://localhost:8123' and URL 'http://localhost:8123/lovelace'.
    at s (http://localhost:8123/frontend_latest/app.6b3133e6c6d8ae29.js:2:44474)
[  311508ms] Object
[  311510ms] Object
[  311511ms] Object
[  312677ms] [ERROR] Failed to load resource: the server responded with a status of 404 (Not Found) @ http://localhost:8123/api/history/period/2026-02-21T01:34:35.740Z?filter_entity_id=input_number.generator_fuel_level&end_time=2026-02-21T01:35:57.853Z&skip_initial_state&significant_changes_only=0:0
[  312682ms] [ERROR] Failed to load resource: the server responded with a status of 404 (Not Found) @ http://localhost:8123/api/history/period/2026-02-21T01:14:48.022Z?filter_entity_id=sensor.battery_level&end_time=2026-02-21T01:35:57.853Z&skip_initial_state&significant_changes_only=0:0
[  312682ms] [ERROR] Failed to load resource: the server responded with a status of 404 (Not Found) @ http://localhost:8123/api/history/period/2026-02-21T01:35:40.758Z?filter_entity_id=sensor.solar_power&end_time=2026-02-21T01:35:57.853Z&skip_initial_state&significant_changes_only=0:0
[  312682ms] [WARNING] apexcharts-card:  {error: Response error: 404, status_code: 404, body: 404: Not Found} @ http://localhost:8123/local/community/apexcharts-card/apexcharts-card.js:0
[  312684ms] [ERROR] Failed to load resource: the server responded with a status of 404 (Not Found) @ http://localhost:8123/api/history/period/2026-02-21T01:35:40.730Z?filter_entity_id=input_number.soil_moisture_north_field&end_time=2026-02-21T01:35:57.854Z&skip_initial_state&significant_changes_only=0:0
[  312684ms] [WARNING] apexcharts-card:  {error: Response error: 404, status_code: 404, body: 404: Not Found} @ http://localhost:8123/local/community/apexcharts-card/apexcharts-card.js:0
[  312684ms] [ERROR] Failed to load resource: the server responded with a status of 404 (Not Found) @ http://localhost:8123/api/history/period/2026-02-21T01:35:40.737Z?filter_entity_id=input_number.soil_moisture_south_field&end_time=2026-02-21T01:35:57.854Z&skip_initial_state&significant_changes_only=0:0
[  312684ms] [ERROR] Failed to load resource: the server responded with a status of 404 (Not Found) @ http://localhost:8123/api/history/period/2026-02-21T01:35:40.758Z?filter_entity_id=sensor.power_consumption&end_time=2026-02-21T01:35:57.853Z&skip_initial_state&significant_changes_only=0:0
[  312684ms] [ERROR] Failed to load resource: the server responded with a status of 404 (Not Found) @ http://localhost:8123/api/history/period/2026-02-21T01:35:35.738Z?filter_entity_id=input_number.eggs_today&end_time=2026-02-21T01:35:57.853Z&skip_initial_state&significant_changes_only=0:0
[  312684ms] [WARNING] apexcharts-card:  {error: Response error: 404, status_code: 404, body: 404: Not Found} @ http://localhost:8123/local/community/apexcharts-card/apexcharts-card.js:0
[  312685ms] [ERROR] Failed to load resource: the server responded with a status of 404 (Not Found) @ http://localhost:8123/api/history/period/2026-02-21T01:35:30.748Z?filter_entity_id=input_number.milk_today&end_time=2026-02-21T01:35:57.853Z&skip_initial_state&significant_changes_only=0:0
[  312685ms] [ERROR] Failed to load resource: the server responded with a status of 404 (Not Found) @ http://localhost:8123/api/history/period/2026-02-21T01:34:00.721Z?filter_entity_id=input_number.soil_moisture_vegetable_field&end_time=2026-02-21T01:35:57.854Z&skip_initial_state&significant_changes_only=0:0
[  312686ms] [ERROR] Failed to load resource: the server responded with a status of 404 (Not Found) @ http://localhost:8123/api/history/period/2026-02-21T01:35:40.744Z?filter_entity_id=input_number.tank_level_main&end_time=2026-02-21T01:35:57.854Z&skip_initial_state&significant_changes_only=0:0
[  312686ms] [ERROR] Failed to load resource: the server responded with a status of 404 (Not Found) @ http://localhost:8123/api/history/period/2026-02-21T01:35:40.739Z?filter_entity_id=input_number.tank_level_secondary&end_time=2026-02-21T01:35:57.854Z&skip_initial_state&significant_changes_only=0:0
[  312686ms] [ERROR] Failed to load resource: the server responded with a status of 404 (Not Found) @ http://localhost:8123/api/history/period/2026-02-21T01:35:40.755Z?filter_entity_id=input_number.yield_grain_current&end_time=2026-02-21T01:35:57.853Z&skip_initial_state&significant_changes_only=0:0
[  312687ms] [ERROR] Failed to load resource: the server responded with a status of 404 (Not Found) @ http://localhost:8123/api/history/period/2026-02-21T01:35:40.755Z?filter_entity_id=input_number.yield_vegetables_current&end_time=2026-02-21T01:35:57.853Z&skip_initial_state&significant_changes_only=0:0
[  312687ms] [ERROR] Failed to load resource: the server responded with a status of 404 (Not Found) @ http://localhost:8123/api/history/period/2026-02-21T01:35:40.755Z?filter_entity_id=input_number.yield_fruit_current&end_time=2026-02-21T01:35:57.853Z&skip_initial_state&significant_changes_only=0:0
