[     154ms] [ERROR] Failed to load resource: the server responded with a status of 401 (Unauthorized) @ http://localhost:8123/api/states/input_text.browser_mod_command:0
[     213ms] RangeError: Maximum call stack size exceeded
    at set hass (http://localhost:8123/local/ipm-calendar-modal.js:1:1)
    at set hass (http://localhost:8123/local/ipm-calendar-modal.js:1:1)
    at set hass (http://localhost:8123/local/ipm-calendar-modal.js:1:1)
    at set hass (http://localhost:8123/local/ipm-calendar-modal.js:1:1)
    at set hass (http://localhost:8123/local/ipm-calendar-modal.js:1:1)
    at set hass (http://localhost:8123/local/ipm-calendar-modal.js:1:1)
    at set hass (http://localhost:8123/local/ipm-calendar-modal.js:1:1)
    at set hass (http://localhost:8123/local/ipm-calendar-modal.js:1:1)
    at set hass (http://localhost:8123/local/ipm-calendar-modal.js:1:1)
    at set hass (http://localhost:8123/local/ipm-calendar-modal.js:1:1)
[     214ms] TypeError: Cannot set properties of undefined (setting 'layout')
    at http://localhost:8123/frontend_latest/3142.5b837d6349e2f25a.js:10:33451
    at n.dt (http://localhost:8123/frontend_latest/43300.d633acc7b247b6f4.js:17:1855)
    at n.update (http://localhost:8123/frontend_latest/43300.d633acc7b247b6f4.js:17:1994)
    at n._$AS (http://localhost:8123/frontend_latest/app.6b3133e6c6d8ae29.js:78:100961)
    at O (http://localhost:8123/frontend_latest/app.6b3133e6c6d8ae29.js:78:104041)
    at z._$AI (http://localhost:8123/frontend_latest/app.6b3133e6c6d8ae29.js:78:104991)
    at R.p (http://localhost:8123/frontend_latest/app.6b3133e6c6d8ae29.js:78:104651)
    at z.$ (http://localhost:8123/frontend_latest/app.6b3133e6c6d8ae29.js:78:105633)
    at z._$AI (http://localhost:8123/frontend_latest/app.6b3133e6c6d8ae29.js:78:105131)
    at F (http://localhost:8123/frontend_latest/app.6b3133e6c6d8ae29.js:78:108206)
[     281ms] TypeError: Cannot set properties of undefined (setting 'layout')
    at http://localhost:8123/frontend_latest/3142.5b837d6349e2f25a.js:10:33451
    at n.dt (http://localhost:8123/frontend_latest/43300.d633acc7b247b6f4.js:17:1855)
    at n.update (http://localhost:8123/frontend_latest/43300.d633acc7b247b6f4.js:17:1994)
    at n._$AS (http://localhost:8123/frontend_latest/app.6b3133e6c6d8ae29.js:78:100961)
    at O (http://localhost:8123/frontend_latest/app.6b3133e6c6d8ae29.js:78:104041)
    at z._$AI (http://localhost:8123/frontend_latest/app.6b3133e6c6d8ae29.js:78:104991)
    at R.p (http://localhost:8123/frontend_latest/app.6b3133e6c6d8ae29.js:78:104651)
    at z.$ (http://localhost:8123/frontend_latest/app.6b3133e6c6d8ae29.js:78:105633)
    at z._$AI (http://localhost:8123/frontend_latest/app.6b3133e6c6d8ae29.js:78:105131)
    at F (http://localhost:8123/frontend_latest/app.6b3133e6c6d8ae29.js:78:108206)
[     297ms] TypeError: Cannot set properties of undefined (setting 'layout')
    at http://localhost:8123/frontend_latest/3142.5b837d6349e2f25a.js:10:33451
    at n.dt (http://localhost:8123/frontend_latest/43300.d633acc7b247b6f4.js:17:1855)
    at n.update (http://localhost:8123/frontend_latest/43300.d633acc7b247b6f4.js:17:1994)
    at n._$AS (http://localhost:8123/frontend_latest/app.6b3133e6c6d8ae29.js:78:100961)
    at O (http://localhost:8123/frontend_latest/app.6b3133e6c6d8ae29.js:78:104041)
    at z._$AI (http://localhost:8123/frontend_latest/app.6b3133e6c6d8ae29.js:78:104991)
    at R.p (http://localhost:8123/frontend_latest/app.6b3133e6c6d8ae29.js:78:104651)
    at z.$ (http://localhost:8123/frontend_latest/app.6b3133e6c6d8ae29.js:78:105633)
    at z._$AI (http://localhost:8123/frontend_latest/app.6b3133e6c6d8ae29.js:78:105131)
    at F (http://localhost:8123/frontend_latest/app.6b3133e6c6d8ae29.js:78:108206)
[     301ms] TypeError: Cannot set properties of undefined (setting 'layout')
    at http://localhost:8123/frontend_latest/3142.5b837d6349e2f25a.js:10:33451
    at n.dt (http://localhost:8123/frontend_latest/43300.d633acc7b247b6f4.js:17:1855)
    at n.update (http://localhost:8123/frontend_latest/43300.d633acc7b247b6f4.js:17:1994)
    at n._$AS (http://localhost:8123/frontend_latest/app.6b3133e6c6d8ae29.js:78:100961)
    at O (http://localhost:8123/frontend_latest/app.6b3133e6c6d8ae29.js:78:104041)
    at z._$AI (http://localhost:8123/frontend_latest/app.6b3133e6c6d8ae29.js:78:104991)
    at R.p (http://localhost:8123/frontend_latest/app.6b3133e6c6d8ae29.js:78:104651)
    at z.$ (http://localhost:8123/frontend_latest/app.6b3133e6c6d8ae29.js:78:105633)
    at z._$AI (http://localhost:8123/frontend_latest/app.6b3133e6c6d8ae29.js:78:105131)
    at F (http://localhost:8123/frontend_latest/app.6b3133e6c6d8ae29.js:78:108206)
[     305ms] TypeError: Cannot set properties of undefined (setting 'layout')
    at http://localhost:8123/frontend_latest/3142.5b837d6349e2f25a.js:10:33451
    at n.dt (http://localhost:8123/frontend_latest/43300.d633acc7b247b6f4.js:17:1855)
    at n.update (http://localhost:8123/frontend_latest/43300.d633acc7b247b6f4.js:17:1994)
    at n._$AS (http://localhost:8123/frontend_latest/app.6b3133e6c6d8ae29.js:78:100961)
    at O (http://localhost:8123/frontend_latest/app.6b3133e6c6d8ae29.js:78:104041)
    at z._$AI (http://localhost:8123/frontend_latest/app.6b3133e6c6d8ae29.js:78:104991)
    at R.p (http://localhost:8123/frontend_latest/app.6b3133e6c6d8ae29.js:78:104651)
    at z.$ (http://localhost:8123/frontend_latest/app.6b3133e6c6d8ae29.js:78:105633)
    at z._$AI (http://localhost:8123/frontend_latest/app.6b3133e6c6d8ae29.js:78:105131)
    at F (http://localhost:8123/frontend_latest/app.6b3133e6c6d8ae29.js:78:108206)
[     309ms] TypeError: Cannot set properties of undefined (setting 'layout')
    at http://localhost:8123/frontend_latest/3142.5b837d6349e2f25a.js:10:33451
    at n.dt (http://localhost:8123/frontend_latest/43300.d633acc7b247b6f4.js:17:1855)
    at n.update (http://localhost:8123/frontend_latest/43300.d633acc7b247b6f4.js:17:1994)
    at n._$AS (http://localhost:8123/frontend_latest/app.6b3133e6c6d8ae29.js:78:100961)
    at O (http://localhost:8123/frontend_latest/app.6b3133e6c6d8ae29.js:78:104041)
    at z._$AI (http://localhost:8123/frontend_latest/app.6b3133e6c6d8ae29.js:78:104991)
    at R.p (http://localhost:8123/frontend_latest/app.6b3133e6c6d8ae29.js:78:104651)
    at z.$ (http://localhost:8123/frontend_latest/app.6b3133e6c6d8ae29.js:78:105633)
    at z._$AI (http://localhost:8123/frontend_latest/app.6b3133e6c6d8ae29.js:78:105131)
    at F (http://localhost:8123/frontend_latest/app.6b3133e6c6d8ae29.js:78:108206)
[     513ms] [ERROR] Failed to load resource: the server responded with a status of 404 (Not Found) @ http://localhost:8123/unknown/node_modules/lit-html/src/directives/repeat.ts:0
[     532ms] [ERROR] Failed to load resource: the server responded with a status of 404 (Not Found) @ http://localhost:8123/unknown/node_modules/lit-html/src/lit-html.ts:0
[     533ms] [ERROR] Failed to load resource: the server responded with a status of 404 (Not Found) @ http://localhost:8123/unknown/node_modules/lit-html/src/directive.ts:0
[    2157ms] [ERROR] Failed to load resource: the server responded with a status of 401 (Unauthorized) @ http://localhost:8123/api/states/input_text.browser_mod_command:0
[    4163ms] [ERROR] Failed to load resource: the server responded with a status of 401 (Unauthorized) @ http://localhost:8123/api/states/input_text.browser_mod_command:0
[    6163ms] [ERROR] Failed to load resource: the server responded with a status of 401 (Unauthorized) @ http://localhost:8123/api/states/input_text.browser_mod_command:0
[    8164ms] [ERROR] Failed to load resource: the server responded with a status of 401 (Unauthorized) @ http://localhost:8123/api/states/input_text.browser_mod_command:0
[   10165ms] [ERROR] Failed to load resource: the server responded with a status of 401 (Unauthorized) @ http://localhost:8123/api/states/input_text.browser_mod_command:0
[   12162ms] [ERROR] Failed to load resource: the server responded with a status of 401 (Unauthorized) @ http://localhost:8123/api/states/input_text.browser_mod_command:0
