[-1131998ms] [ERROR] Permissions policy violation: Geolocation access has been blocked because of a permissions policy applied to the current document. See https://crbug.com/414348233 for more details. @ https://embed.windy.com/v/41.1.0.emb.4d73/embed2.js:0
[-1129464ms] [WARNING] The AudioContext was not allowed to start. It must be resumed (or created) after a user gesture on the page. https://developer.chrome.com/blog/autoplay/#web_audio @ https://embed.windy.com/v/41.1.0.emb.4d73/plugins/lightnings.js:0
[  -78624ms] [ERROR] Permissions policy violation: Geolocation access has been blocked because of a permissions policy applied to the current document. See https://crbug.com/414348233 for more details. @ https://embed.windy.com/v/41.1.0.emb.4d73/embed2.js:0
[  -74598ms] [ERROR] Permissions policy violation: Geolocation access has been blocked because of a permissions policy applied to the current document. See https://crbug.com/414348233 for more details. @ https://embed.windy.com/v/41.1.0.emb.4d73/embed2.js:0
[  -61859ms] [ERROR] Permissions policy violation: Geolocation access has been blocked because of a permissions policy applied to the current document. See https://crbug.com/414348233 for more details. @ https://embed.windy.com/v/41.1.0.emb.4d73/embed2.js:0
[    6140ms] [ERROR] Permissions policy violation: Geolocation access has been blocked because of a permissions policy applied to the current document. See https://crbug.com/414348233 for more details. @ https://embed.windy.com/v/41.1.0.emb.4d73/embed2.js:0
[   34394ms] [ERROR] http EventSource error event for url=/blitz/sse?version=2, options={} Event @ https://embed.windy.com/v/41.1.0.emb.4d73/embed2.js:0
[   34394ms] [ERROR] http EventSource error event for url=/blitz/sse?version=2, options={} Event @ https://embed.windy.com/v/41.1.0.emb.4d73/embed2.js:0
[-1131998ms] [ERROR] Permissions policy violation: Geolocation access has been blocked because of a permissions policy applied to the current document. See https://crbug.com/414348233 for more details. @ https://embed.windy.com/v/41.1.0.emb.4d73/embed2.js:0
[-1129464ms] [WARNING] The AudioContext was not allowed to start. It must be resumed (or created) after a user gesture on the page. https://developer.chrome.com/blog/autoplay/#web_audio @ https://embed.windy.com/v/41.1.0.emb.4d73/plugins/lightnings.js:0
[  -78624ms] [ERROR] Permissions policy violation: Geolocation access has been blocked because of a permissions policy applied to the current document. See https://crbug.com/414348233 for more details. @ https://embed.windy.com/v/41.1.0.emb.4d73/embed2.js:0
[  -74598ms] [ERROR] Permissions policy violation: Geolocation access has been blocked because of a permissions policy applied to the current document. See https://crbug.com/414348233 for more details. @ https://embed.windy.com/v/41.1.0.emb.4d73/embed2.js:0
[  -61859ms] [ERROR] Permissions policy violation: Geolocation access has been blocked because of a permissions policy applied to the current document. See https://crbug.com/414348233 for more details. @ https://embed.windy.com/v/41.1.0.emb.4d73/embed2.js:0
[    6140ms] [ERROR] Permissions policy violation: Geolocation access has been blocked because of a permissions policy applied to the current document. See https://crbug.com/414348233 for more details. @ https://embed.windy.com/v/41.1.0.emb.4d73/embed2.js:0
[   93724ms] [ERROR] Permissions policy violation: Geolocation access has been blocked because of a permissions policy applied to the current document. See https://crbug.com/414348233 for more details. @ https://embed.windy.com/v/41.1.0.emb.4d73/embed2.js:0
[  107878ms] [ERROR] http EventSource error event for url=/blitz/sse?version=2, options={} Event @ https://embed.windy.com/v/41.1.0.emb.4d73/embed2.js:0
[  107878ms] [ERROR] http EventSource error event for url=/blitz/sse?version=2, options={} Event @ https://embed.windy.com/v/41.1.0.emb.4d73/embed2.js:0
[  749283ms] [ERROR] WebSocket connection to 'ws://localhost:8123/api/websocket' failed: Error during WebSocket handshake: net::ERR_CONNECTION_RESET @ http://localhost:8123/frontend_latest/core.9c169bb8cc5569b5.js:0
[  750287ms] [ERROR] WebSocket connection to 'ws://localhost:8123/api/websocket' failed: Error during WebSocket handshake: net::ERR_CONNECTION_RESET @ http://localhost:8123/frontend_latest/core.9c169bb8cc5569b5.js:0
[  752341ms] Object
