[     146ms] [ERROR] Failed to load resource: the server responded with a status of 401 (Unauthorized) @ http://localhost:8123/api/states/input_text.browser_mod_command:0
[     201ms] RangeError: Maximum call stack size exceeded
    at set hass (http://localhost:8123/local/ipm-calendar-modal.js:1:1)
    at set hass (http://localhost:8123/local/ipm-calendar-modal.js:1:1)
    at set hass (http://localhost:8123/local/ipm-calendar-modal.js:1:1)
    at set hass (http://localhost:8123/local/ipm-calendar-modal.js:1:1)
    at set hass (http://localhost:8123/local/ipm-calendar-modal.js:1:1)
    at set hass (http://localhost:8123/local/ipm-calendar-modal.js:1:1)
    at set hass (http://localhost:8123/local/ipm-calendar-modal.js:1:1)
    at set hass (http://localhost:8123/local/ipm-calendar-modal.js:1:1)
    at set hass (http://localhost:8123/local/ipm-calendar-modal.js:1:1)
    at set hass (http://localhost:8123/local/ipm-calendar-modal.js:1:1)
[     201ms] TypeError: Cannot set properties of undefined (setting 'layout')
    at http://localhost:8123/frontend_latest/3142.5b837d6349e2f25a.js:10:33451
    at n.dt (http://localhost:8123/frontend_latest/43300.d633acc7b247b6f4.js:17:1855)
    at n.update (http://localhost:8123/frontend_latest/43300.d633acc7b247b6f4.js:17:1994)
    at n._$AS (http://localhost:8123/frontend_latest/app.6b3133e6c6d8ae29.js:78:100961)
    at O (http://localhost:8123/frontend_latest/app.6b3133e6c6d8ae29.js:78:104041)
    at z._$AI (http://localhost:8123/frontend_latest/app.6b3133e6c6d8ae29.js:78:104991)
    at R.p (http://localhost:8123/frontend_latest/app.6b3133e6c6d8ae29.js:78:104651)
    at z.$ (http://localhost:8123/frontend_latest/app.6b3133e6c6d8ae29.js:78:105633)
    at z._$AI (http://localhost:8123/frontend_latest/app.6b3133e6c6d8ae29.js:78:105131)
    at F (http://localhost:8123/frontend_latest/app.6b3133e6c6d8ae29.js:78:108206)
[     267ms] TypeError: Cannot set properties of undefined (setting 'layout')
    at http://localhost:8123/frontend_latest/3142.5b837d6349e2f25a.js:10:33451
    at n.dt (http://localhost:8123/frontend_latest/43300.d633acc7b247b6f4.js:17:1855)
    at n.update (http://localhost:8123/frontend_latest/43300.d633acc7b247b6f4.js:17:1994)
    at n._$AS (http://localhost:8123/frontend_latest/app.6b3133e6c6d8ae29.js:78:100961)
    at O (http://localhost:8123/frontend_latest/app.6b3133e6c6d8ae29.js:78:104041)
    at z._$AI (http://localhost:8123/frontend_latest/app.6b3133e6c6d8ae29.js:78:104991)
    at R.p (http://localhost:8123/frontend_latest/app.6b3133e6c6d8ae29.js:78:104651)
    at z.$ (http://localhost:8123/frontend_latest/app.6b3133e6c6d8ae29.js:78:105633)
    at z._$AI (http://localhost:8123/frontend_latest/app.6b3133e6c6d8ae29.js:78:105131)
    at F (http://localhost:8123/frontend_latest/app.6b3133e6c6d8ae29.js:78:108206)
[     380ms] TypeError: Cannot set properties of undefined (setting 'layout')
    at http://localhost:8123/frontend_latest/3142.5b837d6349e2f25a.js:10:33451
    at n.dt (http://localhost:8123/frontend_latest/43300.d633acc7b247b6f4.js:17:1855)
    at n.update (http://localhost:8123/frontend_latest/43300.d633acc7b247b6f4.js:17:1994)
    at n._$AS (http://localhost:8123/frontend_latest/app.6b3133e6c6d8ae29.js:78:100961)
    at O (http://localhost:8123/frontend_latest/app.6b3133e6c6d8ae29.js:78:104041)
    at z._$AI (http://localhost:8123/frontend_latest/app.6b3133e6c6d8ae29.js:78:104991)
    at R.p (http://localhost:8123/frontend_latest/app.6b3133e6c6d8ae29.js:78:104651)
    at z.$ (http://localhost:8123/frontend_latest/app.6b3133e6c6d8ae29.js:78:105633)
    at z._$AI (http://localhost:8123/frontend_latest/app.6b3133e6c6d8ae29.js:78:105131)
    at F (http://localhost:8123/frontend_latest/app.6b3133e6c6d8ae29.js:78:108206)
[     413ms] TypeError: Cannot set properties of undefined (setting 'layout')
    at http://localhost:8123/frontend_latest/3142.5b837d6349e2f25a.js:10:33451
    at n.dt (http://localhost:8123/frontend_latest/43300.d633acc7b247b6f4.js:17:1855)
    at n.update (http://localhost:8123/frontend_latest/43300.d633acc7b247b6f4.js:17:1994)
    at n._$AS (http://localhost:8123/frontend_latest/app.6b3133e6c6d8ae29.js:78:100961)
    at O (http://localhost:8123/frontend_latest/app.6b3133e6c6d8ae29.js:78:104041)
    at z._$AI (http://localhost:8123/frontend_latest/app.6b3133e6c6d8ae29.js:78:104991)
    at R.p (http://localhost:8123/frontend_latest/app.6b3133e6c6d8ae29.js:78:104651)
    at z.$ (http://localhost:8123/frontend_latest/app.6b3133e6c6d8ae29.js:78:105633)
    at z._$AI (http://localhost:8123/frontend_latest/app.6b3133e6c6d8ae29.js:78:105131)
    at F (http://localhost:8123/frontend_latest/app.6b3133e6c6d8ae29.js:78:108206)
[     459ms] TypeError: Cannot set properties of undefined (setting 'layout')
    at http://localhost:8123/frontend_latest/3142.5b837d6349e2f25a.js:10:33451
    at n.dt (http://localhost:8123/frontend_latest/43300.d633acc7b247b6f4.js:17:1855)
    at n.update (http://localhost:8123/frontend_latest/43300.d633acc7b247b6f4.js:17:1994)
    at n._$AS (http://localhost:8123/frontend_latest/app.6b3133e6c6d8ae29.js:78:100961)
    at O (http://localhost:8123/frontend_latest/app.6b3133e6c6d8ae29.js:78:104041)
    at z._$AI (http://localhost:8123/frontend_latest/app.6b3133e6c6d8ae29.js:78:104991)
    at R.p (http://localhost:8123/frontend_latest/app.6b3133e6c6d8ae29.js:78:104651)
    at z.$ (http://localhost:8123/frontend_latest/app.6b3133e6c6d8ae29.js:78:105633)
    at z._$AI (http://localhost:8123/frontend_latest/app.6b3133e6c6d8ae29.js:78:105131)
    at F (http://localhost:8123/frontend_latest/app.6b3133e6c6d8ae29.js:78:108206)
[     491ms] TypeError: Cannot set properties of undefined (setting 'layout')
    at http://localhost:8123/frontend_latest/3142.5b837d6349e2f25a.js:10:33451
    at n.dt (http://localhost:8123/frontend_latest/43300.d633acc7b247b6f4.js:17:1855)
    at n.update (http://localhost:8123/frontend_latest/43300.d633acc7b247b6f4.js:17:1994)
    at n._$AS (http://localhost:8123/frontend_latest/app.6b3133e6c6d8ae29.js:78:100961)
    at O (http://localhost:8123/frontend_latest/app.6b3133e6c6d8ae29.js:78:104041)
    at z._$AI (http://localhost:8123/frontend_latest/app.6b3133e6c6d8ae29.js:78:104991)
    at R.p (http://localhost:8123/frontend_latest/app.6b3133e6c6d8ae29.js:78:104651)
    at z.$ (http://localhost:8123/frontend_latest/app.6b3133e6c6d8ae29.js:78:105633)
    at z._$AI (http://localhost:8123/frontend_latest/app.6b3133e6c6d8ae29.js:78:105131)
    at F (http://localhost:8123/frontend_latest/app.6b3133e6c6d8ae29.js:78:108206)
[     530ms] [ERROR] Failed to load resource: the server responded with a status of 404 (Not Found) @ http://localhost:8123/unknown/node_modules/lit-html/src/lit-html.ts:0
[     531ms] [ERROR] Failed to load resource: the server responded with a status of 404 (Not Found) @ http://localhost:8123/unknown/node_modules/lit-html/src/directive.ts:0
[     537ms] [ERROR] Failed to load resource: the server responded with a status of 404 (Not Found) @ http://localhost:8123/unknown/node_modules/lit-html/src/directives/repeat.ts:0
[    2150ms] [ERROR] Failed to load resource: the server responded with a status of 401 (Unauthorized) @ http://localhost:8123/api/states/input_text.browser_mod_command:0
[    4155ms] [ERROR] Failed to load resource: the server responded with a status of 401 (Unauthorized) @ http://localhost:8123/api/states/input_text.browser_mod_command:0
[    6148ms] [ERROR] Failed to load resource: the server responded with a status of 401 (Unauthorized) @ http://localhost:8123/api/states/input_text.browser_mod_command:0
[    7069ms] TypeError: Cannot set properties of undefined (setting 'layout')
    at http://localhost:8123/frontend_latest/3142.5b837d6349e2f25a.js:10:33451
    at n.dt (http://localhost:8123/frontend_latest/43300.d633acc7b247b6f4.js:17:1855)
    at n.update (http://localhost:8123/frontend_latest/43300.d633acc7b247b6f4.js:17:1994)
    at n._$AS (http://localhost:8123/frontend_latest/app.6b3133e6c6d8ae29.js:78:100961)
    at O (http://localhost:8123/frontend_latest/app.6b3133e6c6d8ae29.js:78:104041)
    at z._$AI (http://localhost:8123/frontend_latest/app.6b3133e6c6d8ae29.js:78:104991)
    at R.p (http://localhost:8123/frontend_latest/app.6b3133e6c6d8ae29.js:78:104651)
    at z.$ (http://localhost:8123/frontend_latest/app.6b3133e6c6d8ae29.js:78:105633)
    at z._$AI (http://localhost:8123/frontend_latest/app.6b3133e6c6d8ae29.js:78:105131)
    at F (http://localhost:8123/frontend_latest/app.6b3133e6c6d8ae29.js:78:108206)
[    7103ms] TypeError: Cannot set properties of undefined (setting 'layout')
    at http://localhost:8123/frontend_latest/3142.5b837d6349e2f25a.js:10:33451
    at n.dt (http://localhost:8123/frontend_latest/43300.d633acc7b247b6f4.js:17:1855)
    at n.update (http://localhost:8123/frontend_latest/43300.d633acc7b247b6f4.js:17:1994)
    at n._$AS (http://localhost:8123/frontend_latest/app.6b3133e6c6d8ae29.js:78:100961)
    at O (http://localhost:8123/frontend_latest/app.6b3133e6c6d8ae29.js:78:104041)
    at z._$AI (http://localhost:8123/frontend_latest/app.6b3133e6c6d8ae29.js:78:104991)
    at R.p (http://localhost:8123/frontend_latest/app.6b3133e6c6d8ae29.js:78:104651)
    at z.$ (http://localhost:8123/frontend_latest/app.6b3133e6c6d8ae29.js:78:105633)
    at z._$AI (http://localhost:8123/frontend_latest/app.6b3133e6c6d8ae29.js:78:105131)
    at F (http://localhost:8123/frontend_latest/app.6b3133e6c6d8ae29.js:78:108206)
[    7146ms] TypeError: Cannot set properties of undefined (setting 'layout')
    at http://localhost:8123/frontend_latest/3142.5b837d6349e2f25a.js:10:33451
    at n.dt (http://localhost:8123/frontend_latest/43300.d633acc7b247b6f4.js:17:1855)
    at n.update (http://localhost:8123/frontend_latest/43300.d633acc7b247b6f4.js:17:1994)
    at n._$AS (http://localhost:8123/frontend_latest/app.6b3133e6c6d8ae29.js:78:100961)
    at O (http://localhost:8123/frontend_latest/app.6b3133e6c6d8ae29.js:78:104041)
    at z._$AI (http://localhost:8123/frontend_latest/app.6b3133e6c6d8ae29.js:78:104991)
    at R.p (http://localhost:8123/frontend_latest/app.6b3133e6c6d8ae29.js:78:104651)
    at z.$ (http://localhost:8123/frontend_latest/app.6b3133e6c6d8ae29.js:78:105633)
    at z._$AI (http://localhost:8123/frontend_latest/app.6b3133e6c6d8ae29.js:78:105131)
    at F (http://localhost:8123/frontend_latest/app.6b3133e6c6d8ae29.js:78:108206)
[    7184ms] TypeError: Cannot set properties of undefined (setting 'layout')
    at http://localhost:8123/frontend_latest/3142.5b837d6349e2f25a.js:10:33451
    at n.dt (http://localhost:8123/frontend_latest/43300.d633acc7b247b6f4.js:17:1855)
    at n.update (http://localhost:8123/frontend_latest/43300.d633acc7b247b6f4.js:17:1994)
    at n._$AS (http://localhost:8123/frontend_latest/app.6b3133e6c6d8ae29.js:78:100961)
    at O (http://localhost:8123/frontend_latest/app.6b3133e6c6d8ae29.js:78:104041)
    at z._$AI (http://localhost:8123/frontend_latest/app.6b3133e6c6d8ae29.js:78:104991)
    at R.p (http://localhost:8123/frontend_latest/app.6b3133e6c6d8ae29.js:78:104651)
    at z.$ (http://localhost:8123/frontend_latest/app.6b3133e6c6d8ae29.js:78:105633)
    at z._$AI (http://localhost:8123/frontend_latest/app.6b3133e6c6d8ae29.js:78:105131)
    at F (http://localhost:8123/frontend_latest/app.6b3133e6c6d8ae29.js:78:108206)
[    7217ms] TypeError: Cannot set properties of undefined (setting 'layout')
    at http://localhost:8123/frontend_latest/3142.5b837d6349e2f25a.js:10:33451
    at n.dt (http://localhost:8123/frontend_latest/43300.d633acc7b247b6f4.js:17:1855)
    at n.update (http://localhost:8123/frontend_latest/43300.d633acc7b247b6f4.js:17:1994)
    at n._$AS (http://localhost:8123/frontend_latest/app.6b3133e6c6d8ae29.js:78:100961)
    at O (http://localhost:8123/frontend_latest/app.6b3133e6c6d8ae29.js:78:104041)
    at z._$AI (http://localhost:8123/frontend_latest/app.6b3133e6c6d8ae29.js:78:104991)
    at R.p (http://localhost:8123/frontend_latest/app.6b3133e6c6d8ae29.js:78:104651)
    at z.$ (http://localhost:8123/frontend_latest/app.6b3133e6c6d8ae29.js:78:105633)
    at z._$AI (http://localhost:8123/frontend_latest/app.6b3133e6c6d8ae29.js:78:105131)
    at F (http://localhost:8123/frontend_latest/app.6b3133e6c6d8ae29.js:78:108206)
[    7275ms] TypeError: Cannot set properties of undefined (setting 'layout')
    at http://localhost:8123/frontend_latest/3142.5b837d6349e2f25a.js:10:33451
    at n.dt (http://localhost:8123/frontend_latest/43300.d633acc7b247b6f4.js:17:1855)
    at n.update (http://localhost:8123/frontend_latest/43300.d633acc7b247b6f4.js:17:1994)
    at n._$AS (http://localhost:8123/frontend_latest/app.6b3133e6c6d8ae29.js:78:100961)
    at O (http://localhost:8123/frontend_latest/app.6b3133e6c6d8ae29.js:78:104041)
    at z._$AI (http://localhost:8123/frontend_latest/app.6b3133e6c6d8ae29.js:78:104991)
    at R.p (http://localhost:8123/frontend_latest/app.6b3133e6c6d8ae29.js:78:104651)
    at z.$ (http://localhost:8123/frontend_latest/app.6b3133e6c6d8ae29.js:78:105633)
    at z._$AI (http://localhost:8123/frontend_latest/app.6b3133e6c6d8ae29.js:78:105131)
    at F (http://localhost:8123/frontend_latest/app.6b3133e6c6d8ae29.js:78:108206)
[    7309ms] TypeError: Cannot set properties of undefined (setting 'layout')
    at http://localhost:8123/frontend_latest/3142.5b837d6349e2f25a.js:10:33451
    at n.dt (http://localhost:8123/frontend_latest/43300.d633acc7b247b6f4.js:17:1855)
    at n.update (http://localhost:8123/frontend_latest/43300.d633acc7b247b6f4.js:17:1994)
    at n._$AS (http://localhost:8123/frontend_latest/app.6b3133e6c6d8ae29.js:78:100961)
    at O (http://localhost:8123/frontend_latest/app.6b3133e6c6d8ae29.js:78:104041)
    at z._$AI (http://localhost:8123/frontend_latest/app.6b3133e6c6d8ae29.js:78:104991)
    at R.p (http://localhost:8123/frontend_latest/app.6b3133e6c6d8ae29.js:78:104651)
    at z.$ (http://localhost:8123/frontend_latest/app.6b3133e6c6d8ae29.js:78:105633)
    at z._$AI (http://localhost:8123/frontend_latest/app.6b3133e6c6d8ae29.js:78:105131)
    at F (http://localhost:8123/frontend_latest/app.6b3133e6c6d8ae29.js:78:108206)
[    7345ms] TypeError: Cannot set properties of undefined (setting 'layout')
    at http://localhost:8123/frontend_latest/3142.5b837d6349e2f25a.js:10:33451
    at n.dt (http://localhost:8123/frontend_latest/43300.d633acc7b247b6f4.js:17:1855)
    at n.update (http://localhost:8123/frontend_latest/43300.d633acc7b247b6f4.js:17:1994)
    at n._$AS (http://localhost:8123/frontend_latest/app.6b3133e6c6d8ae29.js:78:100961)
    at O (http://localhost:8123/frontend_latest/app.6b3133e6c6d8ae29.js:78:104041)
    at z._$AI (http://localhost:8123/frontend_latest/app.6b3133e6c6d8ae29.js:78:104991)
    at R.p (http://localhost:8123/frontend_latest/app.6b3133e6c6d8ae29.js:78:104651)
    at z.$ (http://localhost:8123/frontend_latest/app.6b3133e6c6d8ae29.js:78:105633)
    at z._$AI (http://localhost:8123/frontend_latest/app.6b3133e6c6d8ae29.js:78:105131)
    at F (http://localhost:8123/frontend_latest/app.6b3133e6c6d8ae29.js:78:108206)
[    8147ms] [ERROR] Failed to load resource: the server responded with a status of 401 (Unauthorized) @ http://localhost:8123/api/states/input_text.browser_mod_command:0
[   10154ms] [ERROR] Failed to load resource: the server responded with a status of 401 (Unauthorized) @ http://localhost:8123/api/states/input_text.browser_mod_command:0
[   12152ms] [ERROR] Failed to load resource: the server responded with a status of 401 (Unauthorized) @ http://localhost:8123/api/states/input_text.browser_mod_command:0
[   14153ms] [ERROR] Failed to load resource: the server responded with a status of 401 (Unauthorized) @ http://localhost:8123/api/states/input_text.browser_mod_command:0
[   16151ms] [ERROR] Failed to load resource: the server responded with a status of 401 (Unauthorized) @ http://localhost:8123/api/states/input_text.browser_mod_command:0
[   18150ms] [ERROR] Failed to load resource: the server responded with a status of 401 (Unauthorized) @ http://localhost:8123/api/states/input_text.browser_mod_command:0
[   20155ms] [ERROR] Failed to load resource: the server responded with a status of 401 (Unauthorized) @ http://localhost:8123/api/states/input_text.browser_mod_command:0
[   22055ms] TypeError: Cannot set properties of undefined (setting 'layout')
    at http://localhost:8123/frontend_latest/3142.5b837d6349e2f25a.js:10:33451
    at n.dt (http://localhost:8123/frontend_latest/43300.d633acc7b247b6f4.js:17:1855)
    at n.update (http://localhost:8123/frontend_latest/43300.d633acc7b247b6f4.js:17:1994)
    at n._$AS (http://localhost:8123/frontend_latest/app.6b3133e6c6d8ae29.js:78:100961)
    at O (http://localhost:8123/frontend_latest/app.6b3133e6c6d8ae29.js:78:104041)
    at z._$AI (http://localhost:8123/frontend_latest/app.6b3133e6c6d8ae29.js:78:104991)
    at R.p (http://localhost:8123/frontend_latest/app.6b3133e6c6d8ae29.js:78:104651)
    at z.$ (http://localhost:8123/frontend_latest/app.6b3133e6c6d8ae29.js:78:105633)
    at z._$AI (http://localhost:8123/frontend_latest/app.6b3133e6c6d8ae29.js:78:105131)
    at F (http://localhost:8123/frontend_latest/app.6b3133e6c6d8ae29.js:78:108206)
[   22089ms] TypeError: Cannot set properties of undefined (setting 'layout')
    at http://localhost:8123/frontend_latest/3142.5b837d6349e2f25a.js:10:33451
    at n.dt (http://localhost:8123/frontend_latest/43300.d633acc7b247b6f4.js:17:1855)
    at n.update (http://localhost:8123/frontend_latest/43300.d633acc7b247b6f4.js:17:1994)
    at n._$AS (http://localhost:8123/frontend_latest/app.6b3133e6c6d8ae29.js:78:100961)
    at O (http://localhost:8123/frontend_latest/app.6b3133e6c6d8ae29.js:78:104041)
    at z._$AI (http://localhost:8123/frontend_latest/app.6b3133e6c6d8ae29.js:78:104991)
    at R.p (http://localhost:8123/frontend_latest/app.6b3133e6c6d8ae29.js:78:104651)
    at z.$ (http://localhost:8123/frontend_latest/app.6b3133e6c6d8ae29.js:78:105633)
    at z._$AI (http://localhost:8123/frontend_latest/app.6b3133e6c6d8ae29.js:78:105131)
    at F (http://localhost:8123/frontend_latest/app.6b3133e6c6d8ae29.js:78:108206)
[   22237ms] TypeError: Cannot set properties of undefined (setting 'layout')
    at http://localhost:8123/frontend_latest/3142.5b837d6349e2f25a.js:10:33451
    at n.dt (http://localhost:8123/frontend_latest/43300.d633acc7b247b6f4.js:17:1855)
    at n.update (http://localhost:8123/frontend_latest/43300.d633acc7b247b6f4.js:17:1994)
    at n._$AS (http://localhost:8123/frontend_latest/app.6b3133e6c6d8ae29.js:78:100961)
    at O (http://localhost:8123/frontend_latest/app.6b3133e6c6d8ae29.js:78:104041)
    at z._$AI (http://localhost:8123/frontend_latest/app.6b3133e6c6d8ae29.js:78:104991)
    at R.p (http://localhost:8123/frontend_latest/app.6b3133e6c6d8ae29.js:78:104651)
    at z.$ (http://localhost:8123/frontend_latest/app.6b3133e6c6d8ae29.js:78:105633)
    at z._$AI (http://localhost:8123/frontend_latest/app.6b3133e6c6d8ae29.js:78:105131)
    at F (http://localhost:8123/frontend_latest/app.6b3133e6c6d8ae29.js:78:108206)
[   22269ms] TypeError: Cannot set properties of undefined (setting 'layout')
    at http://localhost:8123/frontend_latest/3142.5b837d6349e2f25a.js:10:33451
    at n.dt (http://localhost:8123/frontend_latest/43300.d633acc7b247b6f4.js:17:1855)
    at n.update (http://localhost:8123/frontend_latest/43300.d633acc7b247b6f4.js:17:1994)
    at n._$AS (http://localhost:8123/frontend_latest/app.6b3133e6c6d8ae29.js:78:100961)
    at O (http://localhost:8123/frontend_latest/app.6b3133e6c6d8ae29.js:78:104041)
    at z._$AI (http://localhost:8123/frontend_latest/app.6b3133e6c6d8ae29.js:78:104991)
    at R.p (http://localhost:8123/frontend_latest/app.6b3133e6c6d8ae29.js:78:104651)
    at z.$ (http://localhost:8123/frontend_latest/app.6b3133e6c6d8ae29.js:78:105633)
    at z._$AI (http://localhost:8123/frontend_latest/app.6b3133e6c6d8ae29.js:78:105131)
    at F (http://localhost:8123/frontend_latest/app.6b3133e6c6d8ae29.js:78:108206)
[   22269ms] [ERROR] Failed to load resource: the server responded with a status of 401 (Unauthorized) @ http://localhost:8123/api/states/input_text.browser_mod_command:0
[   22317ms] TypeError: Cannot set properties of undefined (setting 'layout')
    at http://localhost:8123/frontend_latest/3142.5b837d6349e2f25a.js:10:33451
    at n.dt (http://localhost:8123/frontend_latest/43300.d633acc7b247b6f4.js:17:1855)
    at n.update (http://localhost:8123/frontend_latest/43300.d633acc7b247b6f4.js:17:1994)
    at n._$AS (http://localhost:8123/frontend_latest/app.6b3133e6c6d8ae29.js:78:100961)
    at O (http://localhost:8123/frontend_latest/app.6b3133e6c6d8ae29.js:78:104041)
    at z._$AI (http://localhost:8123/frontend_latest/app.6b3133e6c6d8ae29.js:78:104991)
    at R.p (http://localhost:8123/frontend_latest/app.6b3133e6c6d8ae29.js:78:104651)
    at z.$ (http://localhost:8123/frontend_latest/app.6b3133e6c6d8ae29.js:78:105633)
    at z._$AI (http://localhost:8123/frontend_latest/app.6b3133e6c6d8ae29.js:78:105131)
    at F (http://localhost:8123/frontend_latest/app.6b3133e6c6d8ae29.js:78:108206)
[   22350ms] TypeError: Cannot set properties of undefined (setting 'layout')
    at http://localhost:8123/frontend_latest/3142.5b837d6349e2f25a.js:10:33451
    at n.dt (http://localhost:8123/frontend_latest/43300.d633acc7b247b6f4.js:17:1855)
    at n.update (http://localhost:8123/frontend_latest/43300.d633acc7b247b6f4.js:17:1994)
    at n._$AS (http://localhost:8123/frontend_latest/app.6b3133e6c6d8ae29.js:78:100961)
    at O (http://localhost:8123/frontend_latest/app.6b3133e6c6d8ae29.js:78:104041)
    at z._$AI (http://localhost:8123/frontend_latest/app.6b3133e6c6d8ae29.js:78:104991)
    at R.p (http://localhost:8123/frontend_latest/app.6b3133e6c6d8ae29.js:78:104651)
    at z.$ (http://localhost:8123/frontend_latest/app.6b3133e6c6d8ae29.js:78:105633)
    at z._$AI (http://localhost:8123/frontend_latest/app.6b3133e6c6d8ae29.js:78:105131)
    at F (http://localhost:8123/frontend_latest/app.6b3133e6c6d8ae29.js:78:108206)
[   22380ms] TypeError: Cannot set properties of undefined (setting 'layout')
    at http://localhost:8123/frontend_latest/3142.5b837d6349e2f25a.js:10:33451
    at n.dt (http://localhost:8123/frontend_latest/43300.d633acc7b247b6f4.js:17:1855)
    at n.update (http://localhost:8123/frontend_latest/43300.d633acc7b247b6f4.js:17:1994)
    at n._$AS (http://localhost:8123/frontend_latest/app.6b3133e6c6d8ae29.js:78:100961)
    at O (http://localhost:8123/frontend_latest/app.6b3133e6c6d8ae29.js:78:104041)
    at z._$AI (http://localhost:8123/frontend_latest/app.6b3133e6c6d8ae29.js:78:104991)
    at R.p (http://localhost:8123/frontend_latest/app.6b3133e6c6d8ae29.js:78:104651)
    at z.$ (http://localhost:8123/frontend_latest/app.6b3133e6c6d8ae29.js:78:105633)
    at z._$AI (http://localhost:8123/frontend_latest/app.6b3133e6c6d8ae29.js:78:105131)
    at F (http://localhost:8123/frontend_latest/app.6b3133e6c6d8ae29.js:78:108206)
[   24151ms] [ERROR] Failed to load resource: the server responded with a status of 401 (Unauthorized) @ http://localhost:8123/api/states/input_text.browser_mod_command:0
